CRITICAL - 2023-06-20 05:20:30 --> Undefined variable $item
in APPPATH\Views\product.php on line 22.
 1 APPPATH\Views\product.php(22): CodeIgniter\Debug\Exceptions->errorHandler(2, 'Undefined variable $item', 'C:\\xampp\\htdocs\\cloud\\app\\Views\\product.php', 22)
 2 SYSTEMPATH\View\View.php(224): include('C:\\xampp\\htdocs\\cloud\\app\\Views\\product.php')
 3 SYSTEMPATH\View\View.php(227): CodeIgniter\View\View->CodeIgniter\View\{closure}()
 4 SYSTEMPATH\Common.php(1180): CodeIgniter\View\View->render('product', [], true)
 5 APPPATH\Controllers\Home.php(161): view('product', [...])
 6 SYSTEMPATH\CodeIgniter.php(932): App\Controllers\Home->create_pro()
 7 SYSTEMPATH\CodeIgniter.php(497): CodeIgniter\CodeIgniter->runController(Object(App\Controllers\Home))
 8 SYSTEMPATH\CodeIgniter.php(366): CodeIgniter\CodeIgniter->handleRequest(null, Object(Config\Cache), false)
 9 FCPATH\index.php(67): CodeIgniter\CodeIgniter->run()
CRITICAL - 2023-06-20 05:21:35 --> Undefined variable $item
in APPPATH\Views\product.php on line 22.
 1 APPPATH\Views\product.php(22): CodeIgniter\Debug\Exceptions->errorHandler(2, 'Undefined variable $item', 'C:\\xampp\\htdocs\\cloud\\app\\Views\\product.php', 22)
 2 SYSTEMPATH\View\View.php(224): include('C:\\xampp\\htdocs\\cloud\\app\\Views\\product.php')
 3 SYSTEMPATH\View\View.php(227): CodeIgniter\View\View->CodeIgniter\View\{closure}()
 4 SYSTEMPATH\Common.php(1180): CodeIgniter\View\View->render('product', [...], true)
 5 APPPATH\Controllers\Home.php(166): view('product', [...], [...])
 6 SYSTEMPATH\CodeIgniter.php(932): App\Controllers\Home->create_pro()
 7 SYSTEMPATH\CodeIgniter.php(497): CodeIgniter\CodeIgniter->runController(Object(App\Controllers\Home))
 8 SYSTEMPATH\CodeIgniter.php(366): CodeIgniter\CodeIgniter->handleRequest(null, Object(Config\Cache), false)
 9 FCPATH\index.php(67): CodeIgniter\CodeIgniter->run()
CRITICAL - 2023-06-20 05:22:05 --> Undefined variable $item
in APPPATH\Views\product.php on line 22.
 1 APPPATH\Views\product.php(22): CodeIgniter\Debug\Exceptions->errorHandler(2, 'Undefined variable $item', 'C:\\xampp\\htdocs\\cloud\\app\\Views\\product.php', 22)
 2 SYSTEMPATH\View\View.php(224): include('C:\\xampp\\htdocs\\cloud\\app\\Views\\product.php')
 3 SYSTEMPATH\View\View.php(227): CodeIgniter\View\View->CodeIgniter\View\{closure}()
 4 SYSTEMPATH\Common.php(1180): CodeIgniter\View\View->render('product', [...], true)
 5 APPPATH\Controllers\Home.php(166): view('product', [...], [...])
 6 SYSTEMPATH\CodeIgniter.php(932): App\Controllers\Home->create_pro()
 7 SYSTEMPATH\CodeIgniter.php(497): CodeIgniter\CodeIgniter->runController(Object(App\Controllers\Home))
 8 SYSTEMPATH\CodeIgniter.php(366): CodeIgniter\CodeIgniter->handleRequest(null, Object(Config\Cache), false)
 9 FCPATH\index.php(67): CodeIgniter\CodeIgniter->run()
CRITICAL - 2023-06-20 05:28:52 --> Undefined variable $data
in APPPATH\Controllers\Home.php on line 149.
 1 APPPATH\Controllers\Home.php(149): CodeIgniter\Debug\Exceptions->errorHandler(2, 'Undefined variable $data', 'C:\\xampp\\htdocs\\cloud\\app\\Controllers\\Home.php', 149)
 2 SYSTEMPATH\CodeIgniter.php(932): App\Controllers\Home->create_pro()
 3 SYSTEMPATH\CodeIgniter.php(497): CodeIgniter\CodeIgniter->runController(Object(App\Controllers\Home))
 4 SYSTEMPATH\CodeIgniter.php(366): CodeIgniter\CodeIgniter->handleRequest(null, Object(Config\Cache), false)
 5 FCPATH\index.php(67): CodeIgniter\CodeIgniter->run()
CRITICAL - 2023-06-20 05:29:10 --> Undefined variable $data
in APPPATH\Controllers\Home.php on line 149.
 1 APPPATH\Controllers\Home.php(149): CodeIgniter\Debug\Exceptions->errorHandler(2, 'Undefined variable $data', 'C:\\xampp\\htdocs\\cloud\\app\\Controllers\\Home.php', 149)
 2 SYSTEMPATH\CodeIgniter.php(932): App\Controllers\Home->create_pro()
 3 SYSTEMPATH\CodeIgniter.php(497): CodeIgniter\CodeIgniter->runController(Object(App\Controllers\Home))
 4 SYSTEMPATH\CodeIgniter.php(366): CodeIgniter\CodeIgniter->handleRequest(null, Object(Config\Cache), false)
 5 FCPATH\index.php(67): CodeIgniter\CodeIgniter->run()
CRITICAL - 2023-06-20 05:33:51 --> Undefined variable $data
in APPPATH\Controllers\Home.php on line 150.
 1 APPPATH\Controllers\Home.php(150): CodeIgniter\Debug\Exceptions->errorHandler(2, 'Undefined variable $data', 'C:\\xampp\\htdocs\\cloud\\app\\Controllers\\Home.php', 150)
 2 SYSTEMPATH\CodeIgniter.php(932): App\Controllers\Home->create_pro()
 3 SYSTEMPATH\CodeIgniter.php(497): CodeIgniter\CodeIgniter->runController(Object(App\Controllers\Home))
 4 SYSTEMPATH\CodeIgniter.php(366): CodeIgniter\CodeIgniter->handleRequest(null, Object(Config\Cache), false)
 5 FCPATH\index.php(67): CodeIgniter\CodeIgniter->run()
CRITICAL - 2023-06-20 05:34:47 --> Undefined variable $status
in APPPATH\Controllers\Home.php on line 152.
 1 APPPATH\Controllers\Home.php(152): CodeIgniter\Debug\Exceptions->errorHandler(2, 'Undefined variable $status', 'C:\\xampp\\htdocs\\cloud\\app\\Controllers\\Home.php', 152)
 2 SYSTEMPATH\CodeIgniter.php(932): App\Controllers\Home->create_pro()
 3 SYSTEMPATH\CodeIgniter.php(497): CodeIgniter\CodeIgniter->runController(Object(App\Controllers\Home))
 4 SYSTEMPATH\CodeIgniter.php(366): CodeIgniter\CodeIgniter->handleRequest(null, Object(Config\Cache), false)
 5 FCPATH\index.php(67): CodeIgniter\CodeIgniter->run()
CRITICAL - 2023-06-20 06:55:39 --> Undefined variable $item
in APPPATH\Views\product.php on line 22.
 1 APPPATH\Views\product.php(22): CodeIgniter\Debug\Exceptions->errorHandler(2, 'Undefined variable $item', 'C:\\xampp\\htdocs\\cloud\\app\\Views\\product.php', 22)
 2 SYSTEMPATH\View\View.php(224): include('C:\\xampp\\htdocs\\cloud\\app\\Views\\product.php')
 3 SYSTEMPATH\View\View.php(227): CodeIgniter\View\View->CodeIgniter\View\{closure}()
 4 SYSTEMPATH\Common.php(1180): CodeIgniter\View\View->render('product', [], true)
 5 APPPATH\Controllers\Home.php(101): view('product', [...])
 6 SYSTEMPATH\CodeIgniter.php(932): App\Controllers\Home->create_item()
 7 SYSTEMPATH\CodeIgniter.php(497): CodeIgniter\CodeIgniter->runController(Object(App\Controllers\Home))
 8 SYSTEMPATH\CodeIgniter.php(366): CodeIgniter\CodeIgniter->handleRequest(null, Object(Config\Cache), false)
 9 FCPATH\index.php(67): CodeIgniter\CodeIgniter->run()
CRITICAL - 2023-06-20 06:56:07 --> Undefined array key "color"
in APPPATH\Views\item.php on line 13.
 1 APPPATH\Views\item.php(13): CodeIgniter\Debug\Exceptions->errorHandler(2, 'Undefined array key "color"', 'C:\\xampp\\htdocs\\cloud\\app\\Views\\item.php', 13)
 2 SYSTEMPATH\View\View.php(224): include('C:\\xampp\\htdocs\\cloud\\app\\Views\\item.php')
 3 SYSTEMPATH\View\View.php(227): CodeIgniter\View\View->CodeIgniter\View\{closure}()
 4 SYSTEMPATH\Common.php(1180): CodeIgniter\View\View->render('item', [], true)
 5 APPPATH\Controllers\Home.php(24): view('item')
 6 SYSTEMPATH\CodeIgniter.php(932): App\Controllers\Home->item()
 7 SYSTEMPATH\CodeIgniter.php(497): CodeIgniter\CodeIgniter->runController(Object(App\Controllers\Home))
 8 SYSTEMPATH\CodeIgniter.php(366): CodeIgniter\CodeIgniter->handleRequest(null, Object(Config\Cache), false)
 9 FCPATH\index.php(67): CodeIgniter\CodeIgniter->run()
CRITICAL - 2023-06-20 07:02:49 --> Too few arguments to function App\Controllers\Home::__construct(), 0 passed in C:\xampp\htdocs\cloud\system\CodeIgniter.php on line 904 and exactly 1 expected
in APPPATH\Controllers\Home.php on line 14.
 1 SYSTEMPATH\CodeIgniter.php(904): App\Controllers\Home->__construct()
 2 SYSTEMPATH\CodeIgniter.php(488): CodeIgniter\CodeIgniter->createController()
 3 SYSTEMPATH\CodeIgniter.php(366): CodeIgniter\CodeIgniter->handleRequest(null, Object(Config\Cache), false)
 4 FCPATH\index.php(67): CodeIgniter\CodeIgniter->run()
CRITICAL - 2023-06-20 07:02:52 --> Too few arguments to function App\Controllers\Home::__construct(), 0 passed in C:\xampp\htdocs\cloud\system\CodeIgniter.php on line 904 and exactly 1 expected
in APPPATH\Controllers\Home.php on line 14.
 1 SYSTEMPATH\CodeIgniter.php(904): App\Controllers\Home->__construct()
 2 SYSTEMPATH\CodeIgniter.php(488): CodeIgniter\CodeIgniter->createController()
 3 SYSTEMPATH\CodeIgniter.php(366): CodeIgniter\CodeIgniter->handleRequest(null, Object(Config\Cache), false)
 4 FCPATH\index.php(67): CodeIgniter\CodeIgniter->run()
ERROR - 2023-06-20 07:37:03 --> mysqli_sql_exception: Table 'cloud.unit' doesn't exist in C:\xampp\htdocs\cloud\system\Database\MySQLi\Connection.php:295
Stack trace:
#0 C:\xampp\htdocs\cloud\system\Database\MySQLi\Connection.php(295): mysqli->query('SELECT *\nFROM `...', 0)
#1 C:\xampp\htdocs\cloud\system\Database\BaseConnection.php(692): CodeIgniter\Database\MySQLi\Connection->execute('SELECT *\nFROM `...')
#2 C:\xampp\htdocs\cloud\system\Database\BaseConnection.php(606): CodeIgniter\Database\BaseConnection->simpleQuery('SELECT *\nFROM `...')
#3 C:\xampp\htdocs\cloud\system\Database\BaseBuilder.php(1616): CodeIgniter\Database\BaseConnection->query('SELECT *\nFROM `...', Array, false)
#4 C:\xampp\htdocs\cloud\system\Model.php(241): CodeIgniter\Database\BaseBuilder->get()
#5 C:\xampp\htdocs\cloud\system\BaseModel.php(618): CodeIgniter\Model->doFindAll(0, 0)
#6 C:\xampp\htdocs\cloud\app\Controllers\Home.php(17): CodeIgniter\BaseModel->findAll()
#7 C:\xampp\htdocs\cloud\system\CodeIgniter.php(932): App\Controllers\Home->index()
#8 C:\xampp\htdocs\cloud\system\CodeIgniter.php(497): CodeIgniter\CodeIgniter->runController(Object(App\Controllers\Home))
#9 C:\xampp\htdocs\cloud\system\CodeIgniter.php(366): CodeIgniter\CodeIgniter->handleRequest(NULL, Object(Config\Cache), false)
#10 C:\xampp\htdocs\cloud\index.php(67): CodeIgniter\CodeIgniter->run()
#11 {main}
CRITICAL - 2023-06-20 07:37:03 --> Table 'cloud.unit' doesn't exist
in SYSTEMPATH\Database\MySQLi\Connection.php on line 295.
 1 SYSTEMPATH\Database\MySQLi\Connection.php(295): mysqli->query('SELECT *
FROM `unit`', 0)
 2 SYSTEMPATH\Database\BaseConnection.php(692): CodeIgniter\Database\MySQLi\Connection->execute('SELECT *
FROM `unit`')
 3 SYSTEMPATH\Database\BaseConnection.php(606): CodeIgniter\Database\BaseConnection->simpleQuery('SELECT *
FROM `unit`')
 4 SYSTEMPATH\Database\BaseBuilder.php(1616): CodeIgniter\Database\BaseConnection->query('SELECT *
FROM `unit`', [], false)
 5 SYSTEMPATH\Model.php(241): CodeIgniter\Database\BaseBuilder->get()
 6 SYSTEMPATH\BaseModel.php(618): CodeIgniter\Model->doFindAll(0, 0)
 7 APPPATH\Controllers\Home.php(17): CodeIgniter\BaseModel->findAll()
 8 SYSTEMPATH\CodeIgniter.php(932): App\Controllers\Home->index()
 9 SYSTEMPATH\CodeIgniter.php(497): CodeIgniter\CodeIgniter->runController(Object(App\Controllers\Home))
10 SYSTEMPATH\CodeIgniter.php(366): CodeIgniter\CodeIgniter->handleRequest(null, Object(Config\Cache), false)
11 FCPATH\index.php(67): CodeIgniter\CodeIgniter->run()
ERROR - 2023-06-20 08:05:35 --> mysqli_sql_exception: Unknown column 'Yes' in 'field list' in C:\xampp\htdocs\cloud\system\Database\MySQLi\Connection.php:295
Stack trace:
#0 C:\xampp\htdocs\cloud\system\Database\MySQLi\Connection.php(295): mysqli->query('SELECT *, IF(un...', 0)
#1 C:\xampp\htdocs\cloud\system\Database\BaseConnection.php(692): CodeIgniter\Database\MySQLi\Connection->execute('SELECT *, IF(un...')
#2 C:\xampp\htdocs\cloud\system\Database\BaseConnection.php(606): CodeIgniter\Database\BaseConnection->simpleQuery('SELECT *, IF(un...')
#3 C:\xampp\htdocs\cloud\app\Models\UnitModel.php(18): CodeIgniter\Database\BaseConnection->query('SELECT *, IF(un...')
#4 C:\xampp\htdocs\cloud\app\Controllers\Home.php(17): App\Models\UnitModel->unit()
#5 C:\xampp\htdocs\cloud\system\CodeIgniter.php(932): App\Controllers\Home->index()
#6 C:\xampp\htdocs\cloud\system\CodeIgniter.php(497): CodeIgniter\CodeIgniter->runController(Object(App\Controllers\Home))
#7 C:\xampp\htdocs\cloud\system\CodeIgniter.php(366): CodeIgniter\CodeIgniter->handleRequest(NULL, Object(Config\Cache), false)
#8 C:\xampp\htdocs\cloud\index.php(67): CodeIgniter\CodeIgniter->run()
#9 {main}
CRITICAL - 2023-06-20 08:05:35 --> Unknown column 'Yes' in 'field list'
in SYSTEMPATH\Database\MySQLi\Connection.php on line 295.
 1 SYSTEMPATH\Database\MySQLi\Connection.php(295): mysqli->query('SELECT *, IF(unit_status = 1, Yes, No) AS status FROM unit', 0)
 2 SYSTEMPATH\Database\BaseConnection.php(692): CodeIgniter\Database\MySQLi\Connection->execute('SELECT *, IF(unit_status = 1, Yes, No) AS status FROM unit')
 3 SYSTEMPATH\Database\BaseConnection.php(606): CodeIgniter\Database\BaseConnection->simpleQuery('SELECT *, IF(unit_status = 1, Yes, No) AS status FROM unit')
 4 APPPATH\Models\UnitModel.php(18): CodeIgniter\Database\BaseConnection->query('SELECT *, IF(unit_status = 1, Yes, No) AS status FROM unit')
 5 APPPATH\Controllers\Home.php(17): App\Models\UnitModel->unit()
 6 SYSTEMPATH\CodeIgniter.php(932): App\Controllers\Home->index()
 7 SYSTEMPATH\CodeIgniter.php(497): CodeIgniter\CodeIgniter->runController(Object(App\Controllers\Home))
 8 SYSTEMPATH\CodeIgniter.php(366): CodeIgniter\CodeIgniter->handleRequest(null, Object(Config\Cache), false)
 9 FCPATH\index.php(67): CodeIgniter\CodeIgniter->run()
ERROR - 2023-06-20 08:05:35 --> mysqli_sql_exception: Unknown column 'Yes' in 'field list' in C:\xampp\htdocs\cloud\system\Database\MySQLi\Connection.php:295
Stack trace:
#0 C:\xampp\htdocs\cloud\system\Database\MySQLi\Connection.php(295): mysqli->query('SELECT *, IF(un...', 0)
#1 C:\xampp\htdocs\cloud\system\Database\BaseConnection.php(692): CodeIgniter\Database\MySQLi\Connection->execute('SELECT *, IF(un...')
#2 C:\xampp\htdocs\cloud\system\Database\BaseConnection.php(606): CodeIgniter\Database\BaseConnection->simpleQuery('SELECT *, IF(un...')
#3 C:\xampp\htdocs\cloud\app\Models\UnitModel.php(18): CodeIgniter\Database\BaseConnection->query('SELECT *, IF(un...')
#4 C:\xampp\htdocs\cloud\app\Controllers\Home.php(17): App\Models\UnitModel->unit()
#5 C:\xampp\htdocs\cloud\system\CodeIgniter.php(932): App\Controllers\Home->index()
#6 C:\xampp\htdocs\cloud\system\CodeIgniter.php(497): CodeIgniter\CodeIgniter->runController(Object(App\Controllers\Home))
#7 C:\xampp\htdocs\cloud\system\CodeIgniter.php(366): CodeIgniter\CodeIgniter->handleRequest(NULL, Object(Config\Cache), false)
#8 C:\xampp\htdocs\cloud\index.php(67): CodeIgniter\CodeIgniter->run()
#9 {main}
CRITICAL - 2023-06-20 08:05:35 --> Unknown column 'Yes' in 'field list'
in SYSTEMPATH\Database\MySQLi\Connection.php on line 295.
 1 SYSTEMPATH\Database\MySQLi\Connection.php(295): mysqli->query('SELECT *, IF(unit_status = 1, Yes, No) AS status FROM unit', 0)
 2 SYSTEMPATH\Database\BaseConnection.php(692): CodeIgniter\Database\MySQLi\Connection->execute('SELECT *, IF(unit_status = 1, Yes, No) AS status FROM unit')
 3 SYSTEMPATH\Database\BaseConnection.php(606): CodeIgniter\Database\BaseConnection->simpleQuery('SELECT *, IF(unit_status = 1, Yes, No) AS status FROM unit')
 4 APPPATH\Models\UnitModel.php(18): CodeIgniter\Database\BaseConnection->query('SELECT *, IF(unit_status = 1, Yes, No) AS status FROM unit')
 5 APPPATH\Controllers\Home.php(17): App\Models\UnitModel->unit()
 6 SYSTEMPATH\CodeIgniter.php(932): App\Controllers\Home->index()
 7 SYSTEMPATH\CodeIgniter.php(497): CodeIgniter\CodeIgniter->runController(Object(App\Controllers\Home))
 8 SYSTEMPATH\CodeIgniter.php(366): CodeIgniter\CodeIgniter->handleRequest(null, Object(Config\Cache), false)
 9 FCPATH\index.php(67): CodeIgniter\CodeIgniter->run()
ERROR - 2023-06-20 08:05:35 --> mysqli_sql_exception: Unknown column 'Yes' in 'field list' in C:\xampp\htdocs\cloud\system\Database\MySQLi\Connection.php:295
Stack trace:
#0 C:\xampp\htdocs\cloud\system\Database\MySQLi\Connection.php(295): mysqli->query('SELECT *, IF(un...', 0)
#1 C:\xampp\htdocs\cloud\system\Database\BaseConnection.php(692): CodeIgniter\Database\MySQLi\Connection->execute('SELECT *, IF(un...')
#2 C:\xampp\htdocs\cloud\system\Database\BaseConnection.php(606): CodeIgniter\Database\BaseConnection->simpleQuery('SELECT *, IF(un...')
#3 C:\xampp\htdocs\cloud\app\Models\UnitModel.php(18): CodeIgniter\Database\BaseConnection->query('SELECT *, IF(un...')
#4 C:\xampp\htdocs\cloud\app\Controllers\Home.php(17): App\Models\UnitModel->unit()
#5 C:\xampp\htdocs\cloud\system\CodeIgniter.php(932): App\Controllers\Home->index()
#6 C:\xampp\htdocs\cloud\system\CodeIgniter.php(497): CodeIgniter\CodeIgniter->runController(Object(App\Controllers\Home))
#7 C:\xampp\htdocs\cloud\system\CodeIgniter.php(366): CodeIgniter\CodeIgniter->handleRequest(NULL, Object(Config\Cache), false)
#8 C:\xampp\htdocs\cloud\index.php(67): CodeIgniter\CodeIgniter->run()
#9 {main}
CRITICAL - 2023-06-20 08:05:35 --> Unknown column 'Yes' in 'field list'
in SYSTEMPATH\Database\MySQLi\Connection.php on line 295.
 1 SYSTEMPATH\Database\MySQLi\Connection.php(295): mysqli->query('SELECT *, IF(unit_status = 1, Yes, No) AS status FROM unit', 0)
 2 SYSTEMPATH\Database\BaseConnection.php(692): CodeIgniter\Database\MySQLi\Connection->execute('SELECT *, IF(unit_status = 1, Yes, No) AS status FROM unit')
 3 SYSTEMPATH\Database\BaseConnection.php(606): CodeIgniter\Database\BaseConnection->simpleQuery('SELECT *, IF(unit_status = 1, Yes, No) AS status FROM unit')
 4 APPPATH\Models\UnitModel.php(18): CodeIgniter\Database\BaseConnection->query('SELECT *, IF(unit_status = 1, Yes, No) AS status FROM unit')
 5 APPPATH\Controllers\Home.php(17): App\Models\UnitModel->unit()
 6 SYSTEMPATH\CodeIgniter.php(932): App\Controllers\Home->index()
 7 SYSTEMPATH\CodeIgniter.php(497): CodeIgniter\CodeIgniter->runController(Object(App\Controllers\Home))
 8 SYSTEMPATH\CodeIgniter.php(366): CodeIgniter\CodeIgniter->handleRequest(null, Object(Config\Cache), false)
 9 FCPATH\index.php(67): CodeIgniter\CodeIgniter->run()
ERROR - 2023-06-20 08:05:35 --> mysqli_sql_exception: Unknown column 'Yes' in 'field list' in C:\xampp\htdocs\cloud\system\Database\MySQLi\Connection.php:295
Stack trace:
#0 C:\xampp\htdocs\cloud\system\Database\MySQLi\Connection.php(295): mysqli->query('SELECT *, IF(un...', 0)
#1 C:\xampp\htdocs\cloud\system\Database\BaseConnection.php(692): CodeIgniter\Database\MySQLi\Connection->execute('SELECT *, IF(un...')
#2 C:\xampp\htdocs\cloud\system\Database\BaseConnection.php(606): CodeIgniter\Database\BaseConnection->simpleQuery('SELECT *, IF(un...')
#3 C:\xampp\htdocs\cloud\app\Models\UnitModel.php(18): CodeIgniter\Database\BaseConnection->query('SELECT *, IF(un...')
#4 C:\xampp\htdocs\cloud\app\Controllers\Home.php(17): App\Models\UnitModel->unit()
#5 C:\xampp\htdocs\cloud\system\CodeIgniter.php(932): App\Controllers\Home->index()
#6 C:\xampp\htdocs\cloud\system\CodeIgniter.php(497): CodeIgniter\CodeIgniter->runController(Object(App\Controllers\Home))
#7 C:\xampp\htdocs\cloud\system\CodeIgniter.php(366): CodeIgniter\CodeIgniter->handleRequest(NULL, Object(Config\Cache), false)
#8 C:\xampp\htdocs\cloud\index.php(67): CodeIgniter\CodeIgniter->run()
#9 {main}
CRITICAL - 2023-06-20 08:05:35 --> Unknown column 'Yes' in 'field list'
in SYSTEMPATH\Database\MySQLi\Connection.php on line 295.
 1 SYSTEMPATH\Database\MySQLi\Connection.php(295): mysqli->query('SELECT *, IF(unit_status = 1, Yes, No) AS status FROM unit', 0)
 2 SYSTEMPATH\Database\BaseConnection.php(692): CodeIgniter\Database\MySQLi\Connection->execute('SELECT *, IF(unit_status = 1, Yes, No) AS status FROM unit')
 3 SYSTEMPATH\Database\BaseConnection.php(606): CodeIgniter\Database\BaseConnection->simpleQuery('SELECT *, IF(unit_status = 1, Yes, No) AS status FROM unit')
 4 APPPATH\Models\UnitModel.php(18): CodeIgniter\Database\BaseConnection->query('SELECT *, IF(unit_status = 1, Yes, No) AS status FROM unit')
 5 APPPATH\Controllers\Home.php(17): App\Models\UnitModel->unit()
 6 SYSTEMPATH\CodeIgniter.php(932): App\Controllers\Home->index()
 7 SYSTEMPATH\CodeIgniter.php(497): CodeIgniter\CodeIgniter->runController(Object(App\Controllers\Home))
 8 SYSTEMPATH\CodeIgniter.php(366): CodeIgniter\CodeIgniter->handleRequest(null, Object(Config\Cache), false)
 9 FCPATH\index.php(67): CodeIgniter\CodeIgniter->run()
ERROR - 2023-06-20 08:05:36 --> mysqli_sql_exception: Unknown column 'Yes' in 'field list' in C:\xampp\htdocs\cloud\system\Database\MySQLi\Connection.php:295
Stack trace:
#0 C:\xampp\htdocs\cloud\system\Database\MySQLi\Connection.php(295): mysqli->query('SELECT *, IF(un...', 0)
#1 C:\xampp\htdocs\cloud\system\Database\BaseConnection.php(692): CodeIgniter\Database\MySQLi\Connection->execute('SELECT *, IF(un...')
#2 C:\xampp\htdocs\cloud\system\Database\BaseConnection.php(606): CodeIgniter\Database\BaseConnection->simpleQuery('SELECT *, IF(un...')
#3 C:\xampp\htdocs\cloud\app\Models\UnitModel.php(18): CodeIgniter\Database\BaseConnection->query('SELECT *, IF(un...')
#4 C:\xampp\htdocs\cloud\app\Controllers\Home.php(17): App\Models\UnitModel->unit()
#5 C:\xampp\htdocs\cloud\system\CodeIgniter.php(932): App\Controllers\Home->index()
#6 C:\xampp\htdocs\cloud\system\CodeIgniter.php(497): CodeIgniter\CodeIgniter->runController(Object(App\Controllers\Home))
#7 C:\xampp\htdocs\cloud\system\CodeIgniter.php(366): CodeIgniter\CodeIgniter->handleRequest(NULL, Object(Config\Cache), false)
#8 C:\xampp\htdocs\cloud\index.php(67): CodeIgniter\CodeIgniter->run()
#9 {main}
CRITICAL - 2023-06-20 08:05:36 --> Unknown column 'Yes' in 'field list'
in SYSTEMPATH\Database\MySQLi\Connection.php on line 295.
 1 SYSTEMPATH\Database\MySQLi\Connection.php(295): mysqli->query('SELECT *, IF(unit_status = 1, Yes, No) AS status FROM unit', 0)
 2 SYSTEMPATH\Database\BaseConnection.php(692): CodeIgniter\Database\MySQLi\Connection->execute('SELECT *, IF(unit_status = 1, Yes, No) AS status FROM unit')
 3 SYSTEMPATH\Database\BaseConnection.php(606): CodeIgniter\Database\BaseConnection->simpleQuery('SELECT *, IF(unit_status = 1, Yes, No) AS status FROM unit')
 4 APPPATH\Models\UnitModel.php(18): CodeIgniter\Database\BaseConnection->query('SELECT *, IF(unit_status = 1, Yes, No) AS status FROM unit')
 5 APPPATH\Controllers\Home.php(17): App\Models\UnitModel->unit()
 6 SYSTEMPATH\CodeIgniter.php(932): App\Controllers\Home->index()
 7 SYSTEMPATH\CodeIgniter.php(497): CodeIgniter\CodeIgniter->runController(Object(App\Controllers\Home))
 8 SYSTEMPATH\CodeIgniter.php(366): CodeIgniter\CodeIgniter->handleRequest(null, Object(Config\Cache), false)
 9 FCPATH\index.php(67): CodeIgniter\CodeIgniter->run()
ERROR - 2023-06-20 08:05:36 --> mysqli_sql_exception: Unknown column 'Yes' in 'field list' in C:\xampp\htdocs\cloud\system\Database\MySQLi\Connection.php:295
Stack trace:
#0 C:\xampp\htdocs\cloud\system\Database\MySQLi\Connection.php(295): mysqli->query('SELECT *, IF(un...', 0)
#1 C:\xampp\htdocs\cloud\system\Database\BaseConnection.php(692): CodeIgniter\Database\MySQLi\Connection->execute('SELECT *, IF(un...')
#2 C:\xampp\htdocs\cloud\system\Database\BaseConnection.php(606): CodeIgniter\Database\BaseConnection->simpleQuery('SELECT *, IF(un...')
#3 C:\xampp\htdocs\cloud\app\Models\UnitModel.php(18): CodeIgniter\Database\BaseConnection->query('SELECT *, IF(un...')
#4 C:\xampp\htdocs\cloud\app\Controllers\Home.php(17): App\Models\UnitModel->unit()
#5 C:\xampp\htdocs\cloud\system\CodeIgniter.php(932): App\Controllers\Home->index()
#6 C:\xampp\htdocs\cloud\system\CodeIgniter.php(497): CodeIgniter\CodeIgniter->runController(Object(App\Controllers\Home))
#7 C:\xampp\htdocs\cloud\system\CodeIgniter.php(366): CodeIgniter\CodeIgniter->handleRequest(NULL, Object(Config\Cache), false)
#8 C:\xampp\htdocs\cloud\index.php(67): CodeIgniter\CodeIgniter->run()
#9 {main}
CRITICAL - 2023-06-20 08:05:36 --> Unknown column 'Yes' in 'field list'
in SYSTEMPATH\Database\MySQLi\Connection.php on line 295.
 1 SYSTEMPATH\Database\MySQLi\Connection.php(295): mysqli->query('SELECT *, IF(unit_status = 1, Yes, No) AS status FROM unit', 0)
 2 SYSTEMPATH\Database\BaseConnection.php(692): CodeIgniter\Database\MySQLi\Connection->execute('SELECT *, IF(unit_status = 1, Yes, No) AS status FROM unit')
 3 SYSTEMPATH\Database\BaseConnection.php(606): CodeIgniter\Database\BaseConnection->simpleQuery('SELECT *, IF(unit_status = 1, Yes, No) AS status FROM unit')
 4 APPPATH\Models\UnitModel.php(18): CodeIgniter\Database\BaseConnection->query('SELECT *, IF(unit_status = 1, Yes, No) AS status FROM unit')
 5 APPPATH\Controllers\Home.php(17): App\Models\UnitModel->unit()
 6 SYSTEMPATH\CodeIgniter.php(932): App\Controllers\Home->index()
 7 SYSTEMPATH\CodeIgniter.php(497): CodeIgniter\CodeIgniter->runController(Object(App\Controllers\Home))
 8 SYSTEMPATH\CodeIgniter.php(366): CodeIgniter\CodeIgniter->handleRequest(null, Object(Config\Cache), false)
 9 FCPATH\index.php(67): CodeIgniter\CodeIgniter->run()
CRITICAL - 2023-06-20 08:58:44 --> Undefined array key "unit_name"
in APPPATH\Views\item.php on line 68.
 1 APPPATH\Views\item.php(68): CodeIgniter\Debug\Exceptions->errorHandler(2, 'Undefined array key "unit_name"', 'C:\\xampp\\htdocs\\cloud\\app\\Views\\item.php', 68)
 2 SYSTEMPATH\View\View.php(224): include('C:\\xampp\\htdocs\\cloud\\app\\Views\\item.php')
 3 SYSTEMPATH\View\View.php(227): CodeIgniter\View\View->CodeIgniter\View\{closure}()
 4 SYSTEMPATH\Common.php(1180): CodeIgniter\View\View->render('item', [], true)
 5 APPPATH\Controllers\Home.php(63): view('item', [...])
 6 SYSTEMPATH\CodeIgniter.php(932): App\Controllers\Home->item()
 7 SYSTEMPATH\CodeIgniter.php(497): CodeIgniter\CodeIgniter->runController(Object(App\Controllers\Home))
 8 SYSTEMPATH\CodeIgniter.php(366): CodeIgniter\CodeIgniter->handleRequest(null, Object(Config\Cache), false)
 9 FCPATH\index.php(67): CodeIgniter\CodeIgniter->run()
CRITICAL - 2023-06-20 09:10:05 --> Undefined array key "item_id"
in APPPATH\Views\supplier.php on line 171.
 1 APPPATH\Views\supplier.php(171): CodeIgniter\Debug\Exceptions->errorHandler(2, 'Undefined array key "item_id"', 'C:\\xampp\\htdocs\\cloud\\app\\Views\\supplier.php', 171)
 2 SYSTEMPATH\View\View.php(224): include('C:\\xampp\\htdocs\\cloud\\app\\Views\\supplier.php')
 3 SYSTEMPATH\View\View.php(227): CodeIgniter\View\View->CodeIgniter\View\{closure}()
 4 SYSTEMPATH\Common.php(1180): CodeIgniter\View\View->render('supplier', [], true)
 5 APPPATH\Controllers\Home.php(170): view('supplier', [...])
 6 SYSTEMPATH\CodeIgniter.php(932): App\Controllers\Home->supplier()
 7 SYSTEMPATH\CodeIgniter.php(497): CodeIgniter\CodeIgniter->runController(Object(App\Controllers\Home))
 8 SYSTEMPATH\CodeIgniter.php(366): CodeIgniter\CodeIgniter->handleRequest(null, Object(Config\Cache), false)
 9 FCPATH\index.php(67): CodeIgniter\CodeIgniter->run()
CRITICAL - 2023-06-20 10:03:27 --> syntax error, unexpected token "class"
in APPPATH\Views\edit_unit.php on line 17.
 1 SYSTEMPATH\View\View.php(227): CodeIgniter\View\View->CodeIgniter\View\{closure}()
 2 SYSTEMPATH\Common.php(1180): CodeIgniter\View\View->render('edit_unit', [], true)
 3 APPPATH\Controllers\Home.php(55): view('edit_unit', [...])
 4 SYSTEMPATH\CodeIgniter.php(932): App\Controllers\Home->edit_unit('1')
 5 SYSTEMPATH\CodeIgniter.php(497): CodeIgniter\CodeIgniter->runController(Object(App\Controllers\Home))
 6 SYSTEMPATH\CodeIgniter.php(366): CodeIgniter\CodeIgniter->handleRequest(null, Object(Config\Cache), false)
 7 FCPATH\index.php(67): CodeIgniter\CodeIgniter->run()
CRITICAL - 2023-06-20 10:03:27 --> syntax error, unexpected token "class"
in APPPATH\Views\edit_unit.php on line 17.
 1 SYSTEMPATH\View\View.php(227): CodeIgniter\View\View->CodeIgniter\View\{closure}()
 2 SYSTEMPATH\Common.php(1180): CodeIgniter\View\View->render('edit_unit', [], true)
 3 APPPATH\Controllers\Home.php(55): view('edit_unit', [...])
 4 SYSTEMPATH\CodeIgniter.php(932): App\Controllers\Home->edit_unit('1')
 5 SYSTEMPATH\CodeIgniter.php(497): CodeIgniter\CodeIgniter->runController(Object(App\Controllers\Home))
 6 SYSTEMPATH\CodeIgniter.php(366): CodeIgniter\CodeIgniter->handleRequest(null, Object(Config\Cache), false)
 7 FCPATH\index.php(67): CodeIgniter\CodeIgniter->run()
CRITICAL - 2023-06-20 10:03:27 --> Undefined variable $data
in APPPATH\Views\edit_unit.php on line 16.
 1 APPPATH\Views\edit_unit.php(16): CodeIgniter\Debug\Exceptions->errorHandler(2, 'Undefined variable $data', 'C:\\xampp\\htdocs\\cloud\\app\\Views\\edit_unit.php', 16)
 2 SYSTEMPATH\View\View.php(224): include('C:\\xampp\\htdocs\\cloud\\app\\Views\\edit_unit.php')
 3 SYSTEMPATH\View\View.php(227): CodeIgniter\View\View->CodeIgniter\View\{closure}()
 4 SYSTEMPATH\Common.php(1180): CodeIgniter\View\View->render('edit_unit', [], true)
 5 APPPATH\Controllers\Home.php(55): view('edit_unit', [...])
 6 SYSTEMPATH\CodeIgniter.php(932): App\Controllers\Home->edit_unit('1')
 7 SYSTEMPATH\CodeIgniter.php(497): CodeIgniter\CodeIgniter->runController(Object(App\Controllers\Home))
 8 SYSTEMPATH\CodeIgniter.php(366): CodeIgniter\CodeIgniter->handleRequest(null, Object(Config\Cache), false)
 9 FCPATH\index.php(67): CodeIgniter\CodeIgniter->run()
CRITICAL - 2023-06-20 10:03:28 --> Undefined variable $data
in APPPATH\Views\edit_unit.php on line 16.
 1 APPPATH\Views\edit_unit.php(16): CodeIgniter\Debug\Exceptions->errorHandler(2, 'Undefined variable $data', 'C:\\xampp\\htdocs\\cloud\\app\\Views\\edit_unit.php', 16)
 2 SYSTEMPATH\View\View.php(224): include('C:\\xampp\\htdocs\\cloud\\app\\Views\\edit_unit.php')
 3 SYSTEMPATH\View\View.php(227): CodeIgniter\View\View->CodeIgniter\View\{closure}()
 4 SYSTEMPATH\Common.php(1180): CodeIgniter\View\View->render('edit_unit', [], true)
 5 APPPATH\Controllers\Home.php(55): view('edit_unit', [...])
 6 SYSTEMPATH\CodeIgniter.php(932): App\Controllers\Home->edit_unit('1')
 7 SYSTEMPATH\CodeIgniter.php(497): CodeIgniter\CodeIgniter->runController(Object(App\Controllers\Home))
 8 SYSTEMPATH\CodeIgniter.php(366): CodeIgniter\CodeIgniter->handleRequest(null, Object(Config\Cache), false)
 9 FCPATH\index.php(67): CodeIgniter\CodeIgniter->run()
CRITICAL - 2023-06-20 10:03:43 --> Undefined variable $data
in APPPATH\Views\edit_unit.php on line 16.
 1 APPPATH\Views\edit_unit.php(16): CodeIgniter\Debug\Exceptions->errorHandler(2, 'Undefined variable $data', 'C:\\xampp\\htdocs\\cloud\\app\\Views\\edit_unit.php', 16)
 2 SYSTEMPATH\View\View.php(224): include('C:\\xampp\\htdocs\\cloud\\app\\Views\\edit_unit.php')
 3 SYSTEMPATH\View\View.php(227): CodeIgniter\View\View->CodeIgniter\View\{closure}()
 4 SYSTEMPATH\Common.php(1180): CodeIgniter\View\View->render('edit_unit', [], true)
 5 APPPATH\Controllers\Home.php(55): view('edit_unit', [...])
 6 SYSTEMPATH\CodeIgniter.php(932): App\Controllers\Home->edit_unit('1')
 7 SYSTEMPATH\CodeIgniter.php(497): CodeIgniter\CodeIgniter->runController(Object(App\Controllers\Home))
 8 SYSTEMPATH\CodeIgniter.php(366): CodeIgniter\CodeIgniter->handleRequest(null, Object(Config\Cache), false)
 9 FCPATH\index.php(67): CodeIgniter\CodeIgniter->run()
CRITICAL - 2023-06-20 10:03:43 --> Undefined variable $data
in APPPATH\Views\edit_unit.php on line 16.
 1 APPPATH\Views\edit_unit.php(16): CodeIgniter\Debug\Exceptions->errorHandler(2, 'Undefined variable $data', 'C:\\xampp\\htdocs\\cloud\\app\\Views\\edit_unit.php', 16)
 2 SYSTEMPATH\View\View.php(224): include('C:\\xampp\\htdocs\\cloud\\app\\Views\\edit_unit.php')
 3 SYSTEMPATH\View\View.php(227): CodeIgniter\View\View->CodeIgniter\View\{closure}()
 4 SYSTEMPATH\Common.php(1180): CodeIgniter\View\View->render('edit_unit', [], true)
 5 APPPATH\Controllers\Home.php(55): view('edit_unit', [...])
 6 SYSTEMPATH\CodeIgniter.php(932): App\Controllers\Home->edit_unit('1')
 7 SYSTEMPATH\CodeIgniter.php(497): CodeIgniter\CodeIgniter->runController(Object(App\Controllers\Home))
 8 SYSTEMPATH\CodeIgniter.php(366): CodeIgniter\CodeIgniter->handleRequest(null, Object(Config\Cache), false)
 9 FCPATH\index.php(67): CodeIgniter\CodeIgniter->run()
CRITICAL - 2023-06-20 10:03:43 --> Undefined variable $data
in APPPATH\Views\edit_unit.php on line 16.
 1 APPPATH\Views\edit_unit.php(16): CodeIgniter\Debug\Exceptions->errorHandler(2, 'Undefined variable $data', 'C:\\xampp\\htdocs\\cloud\\app\\Views\\edit_unit.php', 16)
 2 SYSTEMPATH\View\View.php(224): include('C:\\xampp\\htdocs\\cloud\\app\\Views\\edit_unit.php')
 3 SYSTEMPATH\View\View.php(227): CodeIgniter\View\View->CodeIgniter\View\{closure}()
 4 SYSTEMPATH\Common.php(1180): CodeIgniter\View\View->render('edit_unit', [], true)
 5 APPPATH\Controllers\Home.php(55): view('edit_unit', [...])
 6 SYSTEMPATH\CodeIgniter.php(932): App\Controllers\Home->edit_unit('1')
 7 SYSTEMPATH\CodeIgniter.php(497): CodeIgniter\CodeIgniter->runController(Object(App\Controllers\Home))
 8 SYSTEMPATH\CodeIgniter.php(366): CodeIgniter\CodeIgniter->handleRequest(null, Object(Config\Cache), false)
 9 FCPATH\index.php(67): CodeIgniter\CodeIgniter->run()
CRITICAL - 2023-06-20 10:03:43 --> Undefined variable $data
in APPPATH\Views\edit_unit.php on line 16.
 1 APPPATH\Views\edit_unit.php(16): CodeIgniter\Debug\Exceptions->errorHandler(2, 'Undefined variable $data', 'C:\\xampp\\htdocs\\cloud\\app\\Views\\edit_unit.php', 16)
 2 SYSTEMPATH\View\View.php(224): include('C:\\xampp\\htdocs\\cloud\\app\\Views\\edit_unit.php')
 3 SYSTEMPATH\View\View.php(227): CodeIgniter\View\View->CodeIgniter\View\{closure}()
 4 SYSTEMPATH\Common.php(1180): CodeIgniter\View\View->render('edit_unit', [], true)
 5 APPPATH\Controllers\Home.php(55): view('edit_unit', [...])
 6 SYSTEMPATH\CodeIgniter.php(932): App\Controllers\Home->edit_unit('1')
 7 SYSTEMPATH\CodeIgniter.php(497): CodeIgniter\CodeIgniter->runController(Object(App\Controllers\Home))
 8 SYSTEMPATH\CodeIgniter.php(366): CodeIgniter\CodeIgniter->handleRequest(null, Object(Config\Cache), false)
 9 FCPATH\index.php(67): CodeIgniter\CodeIgniter->run()
CRITICAL - 2023-06-20 10:03:55 --> Undefined variable $data
in APPPATH\Views\edit_unit.php on line 17.
 1 APPPATH\Views\edit_unit.php(17): CodeIgniter\Debug\Exceptions->errorHandler(2, 'Undefined variable $data', 'C:\\xampp\\htdocs\\cloud\\app\\Views\\edit_unit.php', 17)
 2 SYSTEMPATH\View\View.php(224): include('C:\\xampp\\htdocs\\cloud\\app\\Views\\edit_unit.php')
 3 SYSTEMPATH\View\View.php(227): CodeIgniter\View\View->CodeIgniter\View\{closure}()
 4 SYSTEMPATH\Common.php(1180): CodeIgniter\View\View->render('edit_unit', [], true)
 5 APPPATH\Controllers\Home.php(55): view('edit_unit', [...])
 6 SYSTEMPATH\CodeIgniter.php(932): App\Controllers\Home->edit_unit('1')
 7 SYSTEMPATH\CodeIgniter.php(497): CodeIgniter\CodeIgniter->runController(Object(App\Controllers\Home))
 8 SYSTEMPATH\CodeIgniter.php(366): CodeIgniter\CodeIgniter->handleRequest(null, Object(Config\Cache), false)
 9 FCPATH\index.php(67): CodeIgniter\CodeIgniter->run()
CRITICAL - 2023-06-20 10:03:55 --> Undefined variable $data
in APPPATH\Views\edit_unit.php on line 17.
 1 APPPATH\Views\edit_unit.php(17): CodeIgniter\Debug\Exceptions->errorHandler(2, 'Undefined variable $data', 'C:\\xampp\\htdocs\\cloud\\app\\Views\\edit_unit.php', 17)
 2 SYSTEMPATH\View\View.php(224): include('C:\\xampp\\htdocs\\cloud\\app\\Views\\edit_unit.php')
 3 SYSTEMPATH\View\View.php(227): CodeIgniter\View\View->CodeIgniter\View\{closure}()
 4 SYSTEMPATH\Common.php(1180): CodeIgniter\View\View->render('edit_unit', [], true)
 5 APPPATH\Controllers\Home.php(55): view('edit_unit', [...])
 6 SYSTEMPATH\CodeIgniter.php(932): App\Controllers\Home->edit_unit('1')
 7 SYSTEMPATH\CodeIgniter.php(497): CodeIgniter\CodeIgniter->runController(Object(App\Controllers\Home))
 8 SYSTEMPATH\CodeIgniter.php(366): CodeIgniter\CodeIgniter->handleRequest(null, Object(Config\Cache), false)
 9 FCPATH\index.php(67): CodeIgniter\CodeIgniter->run()
CRITICAL - 2023-06-20 10:03:55 --> Undefined variable $data
in APPPATH\Views\edit_unit.php on line 17.
 1 APPPATH\Views\edit_unit.php(17): CodeIgniter\Debug\Exceptions->errorHandler(2, 'Undefined variable $data', 'C:\\xampp\\htdocs\\cloud\\app\\Views\\edit_unit.php', 17)
 2 SYSTEMPATH\View\View.php(224): include('C:\\xampp\\htdocs\\cloud\\app\\Views\\edit_unit.php')
 3 SYSTEMPATH\View\View.php(227): CodeIgniter\View\View->CodeIgniter\View\{closure}()
 4 SYSTEMPATH\Common.php(1180): CodeIgniter\View\View->render('edit_unit', [], true)
 5 APPPATH\Controllers\Home.php(55): view('edit_unit', [...])
 6 SYSTEMPATH\CodeIgniter.php(932): App\Controllers\Home->edit_unit('1')
 7 SYSTEMPATH\CodeIgniter.php(497): CodeIgniter\CodeIgniter->runController(Object(App\Controllers\Home))
 8 SYSTEMPATH\CodeIgniter.php(366): CodeIgniter\CodeIgniter->handleRequest(null, Object(Config\Cache), false)
 9 FCPATH\index.php(67): CodeIgniter\CodeIgniter->run()
CRITICAL - 2023-06-20 10:03:55 --> Undefined variable $data
in APPPATH\Views\edit_unit.php on line 17.
 1 APPPATH\Views\edit_unit.php(17): CodeIgniter\Debug\Exceptions->errorHandler(2, 'Undefined variable $data', 'C:\\xampp\\htdocs\\cloud\\app\\Views\\edit_unit.php', 17)
 2 SYSTEMPATH\View\View.php(224): include('C:\\xampp\\htdocs\\cloud\\app\\Views\\edit_unit.php')
 3 SYSTEMPATH\View\View.php(227): CodeIgniter\View\View->CodeIgniter\View\{closure}()
 4 SYSTEMPATH\Common.php(1180): CodeIgniter\View\View->render('edit_unit', [], true)
 5 APPPATH\Controllers\Home.php(55): view('edit_unit', [...])
 6 SYSTEMPATH\CodeIgniter.php(932): App\Controllers\Home->edit_unit('1')
 7 SYSTEMPATH\CodeIgniter.php(497): CodeIgniter\CodeIgniter->runController(Object(App\Controllers\Home))
 8 SYSTEMPATH\CodeIgniter.php(366): CodeIgniter\CodeIgniter->handleRequest(null, Object(Config\Cache), false)
 9 FCPATH\index.php(67): CodeIgniter\CodeIgniter->run()
CRITICAL - 2023-06-20 10:03:55 --> Undefined variable $data
in APPPATH\Views\edit_unit.php on line 17.
 1 APPPATH\Views\edit_unit.php(17): CodeIgniter\Debug\Exceptions->errorHandler(2, 'Undefined variable $data', 'C:\\xampp\\htdocs\\cloud\\app\\Views\\edit_unit.php', 17)
 2 SYSTEMPATH\View\View.php(224): include('C:\\xampp\\htdocs\\cloud\\app\\Views\\edit_unit.php')
 3 SYSTEMPATH\View\View.php(227): CodeIgniter\View\View->CodeIgniter\View\{closure}()
 4 SYSTEMPATH\Common.php(1180): CodeIgniter\View\View->render('edit_unit', [], true)
 5 APPPATH\Controllers\Home.php(55): view('edit_unit', [...])
 6 SYSTEMPATH\CodeIgniter.php(932): App\Controllers\Home->edit_unit('1')
 7 SYSTEMPATH\CodeIgniter.php(497): CodeIgniter\CodeIgniter->runController(Object(App\Controllers\Home))
 8 SYSTEMPATH\CodeIgniter.php(366): CodeIgniter\CodeIgniter->handleRequest(null, Object(Config\Cache), false)
 9 FCPATH\index.php(67): CodeIgniter\CodeIgniter->run()
CRITICAL - 2023-06-20 10:03:55 --> Undefined variable $data
in APPPATH\Views\edit_unit.php on line 17.
 1 APPPATH\Views\edit_unit.php(17): CodeIgniter\Debug\Exceptions->errorHandler(2, 'Undefined variable $data', 'C:\\xampp\\htdocs\\cloud\\app\\Views\\edit_unit.php', 17)
 2 SYSTEMPATH\View\View.php(224): include('C:\\xampp\\htdocs\\cloud\\app\\Views\\edit_unit.php')
 3 SYSTEMPATH\View\View.php(227): CodeIgniter\View\View->CodeIgniter\View\{closure}()
 4 SYSTEMPATH\Common.php(1180): CodeIgniter\View\View->render('edit_unit', [], true)
 5 APPPATH\Controllers\Home.php(55): view('edit_unit', [...])
 6 SYSTEMPATH\CodeIgniter.php(932): App\Controllers\Home->edit_unit('1')
 7 SYSTEMPATH\CodeIgniter.php(497): CodeIgniter\CodeIgniter->runController(Object(App\Controllers\Home))
 8 SYSTEMPATH\CodeIgniter.php(366): CodeIgniter\CodeIgniter->handleRequest(null, Object(Config\Cache), false)
 9 FCPATH\index.php(67): CodeIgniter\CodeIgniter->run()
CRITICAL - 2023-06-20 10:03:56 --> Undefined variable $data
in APPPATH\Views\edit_unit.php on line 17.
 1 APPPATH\Views\edit_unit.php(17): CodeIgniter\Debug\Exceptions->errorHandler(2, 'Undefined variable $data', 'C:\\xampp\\htdocs\\cloud\\app\\Views\\edit_unit.php', 17)
 2 SYSTEMPATH\View\View.php(224): include('C:\\xampp\\htdocs\\cloud\\app\\Views\\edit_unit.php')
 3 SYSTEMPATH\View\View.php(227): CodeIgniter\View\View->CodeIgniter\View\{closure}()
 4 SYSTEMPATH\Common.php(1180): CodeIgniter\View\View->render('edit_unit', [], true)
 5 APPPATH\Controllers\Home.php(55): view('edit_unit', [...])
 6 SYSTEMPATH\CodeIgniter.php(932): App\Controllers\Home->edit_unit('1')
 7 SYSTEMPATH\CodeIgniter.php(497): CodeIgniter\CodeIgniter->runController(Object(App\Controllers\Home))
 8 SYSTEMPATH\CodeIgniter.php(366): CodeIgniter\CodeIgniter->handleRequest(null, Object(Config\Cache), false)
 9 FCPATH\index.php(67): CodeIgniter\CodeIgniter->run()
CRITICAL - 2023-06-20 10:04:03 --> Undefined variable $data
in APPPATH\Views\edit_unit.php on line 17.
 1 APPPATH\Views\edit_unit.php(17): CodeIgniter\Debug\Exceptions->errorHandler(2, 'Undefined variable $data', 'C:\\xampp\\htdocs\\cloud\\app\\Views\\edit_unit.php', 17)
 2 SYSTEMPATH\View\View.php(224): include('C:\\xampp\\htdocs\\cloud\\app\\Views\\edit_unit.php')
 3 SYSTEMPATH\View\View.php(227): CodeIgniter\View\View->CodeIgniter\View\{closure}()
 4 SYSTEMPATH\Common.php(1180): CodeIgniter\View\View->render('edit_unit', [], true)
 5 APPPATH\Controllers\Home.php(55): view('edit_unit', [...])
 6 SYSTEMPATH\CodeIgniter.php(932): App\Controllers\Home->edit_unit('1')
 7 SYSTEMPATH\CodeIgniter.php(497): CodeIgniter\CodeIgniter->runController(Object(App\Controllers\Home))
 8 SYSTEMPATH\CodeIgniter.php(366): CodeIgniter\CodeIgniter->handleRequest(null, Object(Config\Cache), false)
 9 FCPATH\index.php(67): CodeIgniter\CodeIgniter->run()
CRITICAL - 2023-06-20 10:04:03 --> Undefined variable $data
in APPPATH\Views\edit_unit.php on line 17.
 1 APPPATH\Views\edit_unit.php(17): CodeIgniter\Debug\Exceptions->errorHandler(2, 'Undefined variable $data', 'C:\\xampp\\htdocs\\cloud\\app\\Views\\edit_unit.php', 17)
 2 SYSTEMPATH\View\View.php(224): include('C:\\xampp\\htdocs\\cloud\\app\\Views\\edit_unit.php')
 3 SYSTEMPATH\View\View.php(227): CodeIgniter\View\View->CodeIgniter\View\{closure}()
 4 SYSTEMPATH\Common.php(1180): CodeIgniter\View\View->render('edit_unit', [], true)
 5 APPPATH\Controllers\Home.php(55): view('edit_unit', [...])
 6 SYSTEMPATH\CodeIgniter.php(932): App\Controllers\Home->edit_unit('1')
 7 SYSTEMPATH\CodeIgniter.php(497): CodeIgniter\CodeIgniter->runController(Object(App\Controllers\Home))
 8 SYSTEMPATH\CodeIgniter.php(366): CodeIgniter\CodeIgniter->handleRequest(null, Object(Config\Cache), false)
 9 FCPATH\index.php(67): CodeIgniter\CodeIgniter->run()
CRITICAL - 2023-06-20 10:04:04 --> Undefined variable $data
in APPPATH\Views\edit_unit.php on line 17.
 1 APPPATH\Views\edit_unit.php(17): CodeIgniter\Debug\Exceptions->errorHandler(2, 'Undefined variable $data', 'C:\\xampp\\htdocs\\cloud\\app\\Views\\edit_unit.php', 17)
 2 SYSTEMPATH\View\View.php(224): include('C:\\xampp\\htdocs\\cloud\\app\\Views\\edit_unit.php')
 3 SYSTEMPATH\View\View.php(227): CodeIgniter\View\View->CodeIgniter\View\{closure}()
 4 SYSTEMPATH\Common.php(1180): CodeIgniter\View\View->render('edit_unit', [], true)
 5 APPPATH\Controllers\Home.php(55): view('edit_unit', [...])
 6 SYSTEMPATH\CodeIgniter.php(932): App\Controllers\Home->edit_unit('1')
 7 SYSTEMPATH\CodeIgniter.php(497): CodeIgniter\CodeIgniter->runController(Object(App\Controllers\Home))
 8 SYSTEMPATH\CodeIgniter.php(366): CodeIgniter\CodeIgniter->handleRequest(null, Object(Config\Cache), false)
 9 FCPATH\index.php(67): CodeIgniter\CodeIgniter->run()
CRITICAL - 2023-06-20 10:04:04 --> Undefined variable $data
in APPPATH\Views\edit_unit.php on line 17.
 1 APPPATH\Views\edit_unit.php(17): CodeIgniter\Debug\Exceptions->errorHandler(2, 'Undefined variable $data', 'C:\\xampp\\htdocs\\cloud\\app\\Views\\edit_unit.php', 17)
 2 SYSTEMPATH\View\View.php(224): include('C:\\xampp\\htdocs\\cloud\\app\\Views\\edit_unit.php')
 3 SYSTEMPATH\View\View.php(227): CodeIgniter\View\View->CodeIgniter\View\{closure}()
 4 SYSTEMPATH\Common.php(1180): CodeIgniter\View\View->render('edit_unit', [], true)
 5 APPPATH\Controllers\Home.php(55): view('edit_unit', [...])
 6 SYSTEMPATH\CodeIgniter.php(932): App\Controllers\Home->edit_unit('1')
 7 SYSTEMPATH\CodeIgniter.php(497): CodeIgniter\CodeIgniter->runController(Object(App\Controllers\Home))
 8 SYSTEMPATH\CodeIgniter.php(366): CodeIgniter\CodeIgniter->handleRequest(null, Object(Config\Cache), false)
 9 FCPATH\index.php(67): CodeIgniter\CodeIgniter->run()
CRITICAL - 2023-06-20 10:04:04 --> Undefined variable $data
in APPPATH\Views\edit_unit.php on line 17.
 1 APPPATH\Views\edit_unit.php(17): CodeIgniter\Debug\Exceptions->errorHandler(2, 'Undefined variable $data', 'C:\\xampp\\htdocs\\cloud\\app\\Views\\edit_unit.php', 17)
 2 SYSTEMPATH\View\View.php(224): include('C:\\xampp\\htdocs\\cloud\\app\\Views\\edit_unit.php')
 3 SYSTEMPATH\View\View.php(227): CodeIgniter\View\View->CodeIgniter\View\{closure}()
 4 SYSTEMPATH\Common.php(1180): CodeIgniter\View\View->render('edit_unit', [], true)
 5 APPPATH\Controllers\Home.php(55): view('edit_unit', [...])
 6 SYSTEMPATH\CodeIgniter.php(932): App\Controllers\Home->edit_unit('1')
 7 SYSTEMPATH\CodeIgniter.php(497): CodeIgniter\CodeIgniter->runController(Object(App\Controllers\Home))
 8 SYSTEMPATH\CodeIgniter.php(366): CodeIgniter\CodeIgniter->handleRequest(null, Object(Config\Cache), false)
 9 FCPATH\index.php(67): CodeIgniter\CodeIgniter->run()
CRITICAL - 2023-06-20 10:04:04 --> Undefined variable $data
in APPPATH\Views\edit_unit.php on line 17.
 1 APPPATH\Views\edit_unit.php(17): CodeIgniter\Debug\Exceptions->errorHandler(2, 'Undefined variable $data', 'C:\\xampp\\htdocs\\cloud\\app\\Views\\edit_unit.php', 17)
 2 SYSTEMPATH\View\View.php(224): include('C:\\xampp\\htdocs\\cloud\\app\\Views\\edit_unit.php')
 3 SYSTEMPATH\View\View.php(227): CodeIgniter\View\View->CodeIgniter\View\{closure}()
 4 SYSTEMPATH\Common.php(1180): CodeIgniter\View\View->render('edit_unit', [], true)
 5 APPPATH\Controllers\Home.php(55): view('edit_unit', [...])
 6 SYSTEMPATH\CodeIgniter.php(932): App\Controllers\Home->edit_unit('1')
 7 SYSTEMPATH\CodeIgniter.php(497): CodeIgniter\CodeIgniter->runController(Object(App\Controllers\Home))
 8 SYSTEMPATH\CodeIgniter.php(366): CodeIgniter\CodeIgniter->handleRequest(null, Object(Config\Cache), false)
 9 FCPATH\index.php(67): CodeIgniter\CodeIgniter->run()
CRITICAL - 2023-06-20 10:04:12 --> Undefined variable $data
in APPPATH\Views\edit_unit.php on line 2.
 1 APPPATH\Views\edit_unit.php(2): CodeIgniter\Debug\Exceptions->errorHandler(2, 'Undefined variable $data', 'C:\\xampp\\htdocs\\cloud\\app\\Views\\edit_unit.php', 2)
 2 SYSTEMPATH\View\View.php(224): include('C:\\xampp\\htdocs\\cloud\\app\\Views\\edit_unit.php')
 3 SYSTEMPATH\View\View.php(227): CodeIgniter\View\View->CodeIgniter\View\{closure}()
 4 SYSTEMPATH\Common.php(1180): CodeIgniter\View\View->render('edit_unit', [], true)
 5 APPPATH\Controllers\Home.php(55): view('edit_unit', [...])
 6 SYSTEMPATH\CodeIgniter.php(932): App\Controllers\Home->edit_unit('1')
 7 SYSTEMPATH\CodeIgniter.php(497): CodeIgniter\CodeIgniter->runController(Object(App\Controllers\Home))
 8 SYSTEMPATH\CodeIgniter.php(366): CodeIgniter\CodeIgniter->handleRequest(null, Object(Config\Cache), false)
 9 FCPATH\index.php(67): CodeIgniter\CodeIgniter->run()
CRITICAL - 2023-06-20 10:04:12 --> Undefined variable $data
in APPPATH\Views\edit_unit.php on line 2.
 1 APPPATH\Views\edit_unit.php(2): CodeIgniter\Debug\Exceptions->errorHandler(2, 'Undefined variable $data', 'C:\\xampp\\htdocs\\cloud\\app\\Views\\edit_unit.php', 2)
 2 SYSTEMPATH\View\View.php(224): include('C:\\xampp\\htdocs\\cloud\\app\\Views\\edit_unit.php')
 3 SYSTEMPATH\View\View.php(227): CodeIgniter\View\View->CodeIgniter\View\{closure}()
 4 SYSTEMPATH\Common.php(1180): CodeIgniter\View\View->render('edit_unit', [], true)
 5 APPPATH\Controllers\Home.php(55): view('edit_unit', [...])
 6 SYSTEMPATH\CodeIgniter.php(932): App\Controllers\Home->edit_unit('1')
 7 SYSTEMPATH\CodeIgniter.php(497): CodeIgniter\CodeIgniter->runController(Object(App\Controllers\Home))
 8 SYSTEMPATH\CodeIgniter.php(366): CodeIgniter\CodeIgniter->handleRequest(null, Object(Config\Cache), false)
 9 FCPATH\index.php(67): CodeIgniter\CodeIgniter->run()
CRITICAL - 2023-06-20 10:04:12 --> Undefined variable $data
in APPPATH\Views\edit_unit.php on line 2.
 1 APPPATH\Views\edit_unit.php(2): CodeIgniter\Debug\Exceptions->errorHandler(2, 'Undefined variable $data', 'C:\\xampp\\htdocs\\cloud\\app\\Views\\edit_unit.php', 2)
 2 SYSTEMPATH\View\View.php(224): include('C:\\xampp\\htdocs\\cloud\\app\\Views\\edit_unit.php')
 3 SYSTEMPATH\View\View.php(227): CodeIgniter\View\View->CodeIgniter\View\{closure}()
 4 SYSTEMPATH\Common.php(1180): CodeIgniter\View\View->render('edit_unit', [], true)
 5 APPPATH\Controllers\Home.php(55): view('edit_unit', [...])
 6 SYSTEMPATH\CodeIgniter.php(932): App\Controllers\Home->edit_unit('1')
 7 SYSTEMPATH\CodeIgniter.php(497): CodeIgniter\CodeIgniter->runController(Object(App\Controllers\Home))
 8 SYSTEMPATH\CodeIgniter.php(366): CodeIgniter\CodeIgniter->handleRequest(null, Object(Config\Cache), false)
 9 FCPATH\index.php(67): CodeIgniter\CodeIgniter->run()
CRITICAL - 2023-06-20 10:04:12 --> Undefined variable $data
in APPPATH\Views\edit_unit.php on line 2.
 1 APPPATH\Views\edit_unit.php(2): CodeIgniter\Debug\Exceptions->errorHandler(2, 'Undefined variable $data', 'C:\\xampp\\htdocs\\cloud\\app\\Views\\edit_unit.php', 2)
 2 SYSTEMPATH\View\View.php(224): include('C:\\xampp\\htdocs\\cloud\\app\\Views\\edit_unit.php')
 3 SYSTEMPATH\View\View.php(227): CodeIgniter\View\View->CodeIgniter\View\{closure}()
 4 SYSTEMPATH\Common.php(1180): CodeIgniter\View\View->render('edit_unit', [], true)
 5 APPPATH\Controllers\Home.php(55): view('edit_unit', [...])
 6 SYSTEMPATH\CodeIgniter.php(932): App\Controllers\Home->edit_unit('1')
 7 SYSTEMPATH\CodeIgniter.php(497): CodeIgniter\CodeIgniter->runController(Object(App\Controllers\Home))
 8 SYSTEMPATH\CodeIgniter.php(366): CodeIgniter\CodeIgniter->handleRequest(null, Object(Config\Cache), false)
 9 FCPATH\index.php(67): CodeIgniter\CodeIgniter->run()
CRITICAL - 2023-06-20 10:04:12 --> Undefined variable $data
in APPPATH\Views\edit_unit.php on line 2.
 1 APPPATH\Views\edit_unit.php(2): CodeIgniter\Debug\Exceptions->errorHandler(2, 'Undefined variable $data', 'C:\\xampp\\htdocs\\cloud\\app\\Views\\edit_unit.php', 2)
 2 SYSTEMPATH\View\View.php(224): include('C:\\xampp\\htdocs\\cloud\\app\\Views\\edit_unit.php')
 3 SYSTEMPATH\View\View.php(227): CodeIgniter\View\View->CodeIgniter\View\{closure}()
 4 SYSTEMPATH\Common.php(1180): CodeIgniter\View\View->render('edit_unit', [], true)
 5 APPPATH\Controllers\Home.php(55): view('edit_unit', [...])
 6 SYSTEMPATH\CodeIgniter.php(932): App\Controllers\Home->edit_unit('1')
 7 SYSTEMPATH\CodeIgniter.php(497): CodeIgniter\CodeIgniter->runController(Object(App\Controllers\Home))
 8 SYSTEMPATH\CodeIgniter.php(366): CodeIgniter\CodeIgniter->handleRequest(null, Object(Config\Cache), false)
 9 FCPATH\index.php(67): CodeIgniter\CodeIgniter->run()
CRITICAL - 2023-06-20 10:05:52 --> view(): Argument #2 ($data) must be of type array, CodeIgniter\Database\MySQLi\Result given, called in C:\xampp\htdocs\cloud\app\Controllers\Home.php on line 54
in SYSTEMPATH\Common.php on line 1168.
 1 APPPATH\Controllers\Home.php(54): view('edit_unit', Object(CodeIgniter\Database\MySQLi\Result))
 2 SYSTEMPATH\CodeIgniter.php(932): App\Controllers\Home->edit_unit('1')
 3 SYSTEMPATH\CodeIgniter.php(497): CodeIgniter\CodeIgniter->runController(Object(App\Controllers\Home))
 4 SYSTEMPATH\CodeIgniter.php(366): CodeIgniter\CodeIgniter->handleRequest(null, Object(Config\Cache), false)
 5 FCPATH\index.php(67): CodeIgniter\CodeIgniter->run()
CRITICAL - 2023-06-20 10:05:52 --> view(): Argument #2 ($data) must be of type array, CodeIgniter\Database\MySQLi\Result given, called in C:\xampp\htdocs\cloud\app\Controllers\Home.php on line 54
in SYSTEMPATH\Common.php on line 1168.
 1 APPPATH\Controllers\Home.php(54): view('edit_unit', Object(CodeIgniter\Database\MySQLi\Result))
 2 SYSTEMPATH\CodeIgniter.php(932): App\Controllers\Home->edit_unit('1')
 3 SYSTEMPATH\CodeIgniter.php(497): CodeIgniter\CodeIgniter->runController(Object(App\Controllers\Home))
 4 SYSTEMPATH\CodeIgniter.php(366): CodeIgniter\CodeIgniter->handleRequest(null, Object(Config\Cache), false)
 5 FCPATH\index.php(67): CodeIgniter\CodeIgniter->run()
CRITICAL - 2023-06-20 10:05:52 --> view(): Argument #2 ($data) must be of type array, CodeIgniter\Database\MySQLi\Result given, called in C:\xampp\htdocs\cloud\app\Controllers\Home.php on line 54
in SYSTEMPATH\Common.php on line 1168.
 1 APPPATH\Controllers\Home.php(54): view('edit_unit', Object(CodeIgniter\Database\MySQLi\Result))
 2 SYSTEMPATH\CodeIgniter.php(932): App\Controllers\Home->edit_unit('1')
 3 SYSTEMPATH\CodeIgniter.php(497): CodeIgniter\CodeIgniter->runController(Object(App\Controllers\Home))
 4 SYSTEMPATH\CodeIgniter.php(366): CodeIgniter\CodeIgniter->handleRequest(null, Object(Config\Cache), false)
 5 FCPATH\index.php(67): CodeIgniter\CodeIgniter->run()
CRITICAL - 2023-06-20 10:05:53 --> view(): Argument #2 ($data) must be of type array, CodeIgniter\Database\MySQLi\Result given, called in C:\xampp\htdocs\cloud\app\Controllers\Home.php on line 54
in SYSTEMPATH\Common.php on line 1168.
 1 APPPATH\Controllers\Home.php(54): view('edit_unit', Object(CodeIgniter\Database\MySQLi\Result))
 2 SYSTEMPATH\CodeIgniter.php(932): App\Controllers\Home->edit_unit('1')
 3 SYSTEMPATH\CodeIgniter.php(497): CodeIgniter\CodeIgniter->runController(Object(App\Controllers\Home))
 4 SYSTEMPATH\CodeIgniter.php(366): CodeIgniter\CodeIgniter->handleRequest(null, Object(Config\Cache), false)
 5 FCPATH\index.php(67): CodeIgniter\CodeIgniter->run()
CRITICAL - 2023-06-20 10:08:34 --> Undefined variable $data
in APPPATH\Views\edit_unit.php on line 17.
 1 APPPATH\Views\edit_unit.php(17): CodeIgniter\Debug\Exceptions->errorHandler(2, 'Undefined variable $data', 'C:\\xampp\\htdocs\\cloud\\app\\Views\\edit_unit.php', 17)
 2 SYSTEMPATH\View\View.php(224): include('C:\\xampp\\htdocs\\cloud\\app\\Views\\edit_unit.php')
 3 SYSTEMPATH\View\View.php(227): CodeIgniter\View\View->CodeIgniter\View\{closure}()
 4 SYSTEMPATH\Common.php(1180): CodeIgniter\View\View->render('edit_unit', [], true)
 5 APPPATH\Controllers\Home.php(55): view('edit_unit', [...])
 6 SYSTEMPATH\CodeIgniter.php(932): App\Controllers\Home->edit_unit('1')
 7 SYSTEMPATH\CodeIgniter.php(497): CodeIgniter\CodeIgniter->runController(Object(App\Controllers\Home))
 8 SYSTEMPATH\CodeIgniter.php(366): CodeIgniter\CodeIgniter->handleRequest(null, Object(Config\Cache), false)
 9 FCPATH\index.php(67): CodeIgniter\CodeIgniter->run()
CRITICAL - 2023-06-20 10:08:35 --> Undefined variable $data
in APPPATH\Views\edit_unit.php on line 17.
 1 APPPATH\Views\edit_unit.php(17): CodeIgniter\Debug\Exceptions->errorHandler(2, 'Undefined variable $data', 'C:\\xampp\\htdocs\\cloud\\app\\Views\\edit_unit.php', 17)
 2 SYSTEMPATH\View\View.php(224): include('C:\\xampp\\htdocs\\cloud\\app\\Views\\edit_unit.php')
 3 SYSTEMPATH\View\View.php(227): CodeIgniter\View\View->CodeIgniter\View\{closure}()
 4 SYSTEMPATH\Common.php(1180): CodeIgniter\View\View->render('edit_unit', [], true)
 5 APPPATH\Controllers\Home.php(55): view('edit_unit', [...])
 6 SYSTEMPATH\CodeIgniter.php(932): App\Controllers\Home->edit_unit('1')
 7 SYSTEMPATH\CodeIgniter.php(497): CodeIgniter\CodeIgniter->runController(Object(App\Controllers\Home))
 8 SYSTEMPATH\CodeIgniter.php(366): CodeIgniter\CodeIgniter->handleRequest(null, Object(Config\Cache), false)
 9 FCPATH\index.php(67): CodeIgniter\CodeIgniter->run()
CRITICAL - 2023-06-20 10:08:35 --> Undefined variable $data
in APPPATH\Views\edit_unit.php on line 17.
 1 APPPATH\Views\edit_unit.php(17): CodeIgniter\Debug\Exceptions->errorHandler(2, 'Undefined variable $data', 'C:\\xampp\\htdocs\\cloud\\app\\Views\\edit_unit.php', 17)
 2 SYSTEMPATH\View\View.php(224): include('C:\\xampp\\htdocs\\cloud\\app\\Views\\edit_unit.php')
 3 SYSTEMPATH\View\View.php(227): CodeIgniter\View\View->CodeIgniter\View\{closure}()
 4 SYSTEMPATH\Common.php(1180): CodeIgniter\View\View->render('edit_unit', [], true)
 5 APPPATH\Controllers\Home.php(55): view('edit_unit', [...])
 6 SYSTEMPATH\CodeIgniter.php(932): App\Controllers\Home->edit_unit('1')
 7 SYSTEMPATH\CodeIgniter.php(497): CodeIgniter\CodeIgniter->runController(Object(App\Controllers\Home))
 8 SYSTEMPATH\CodeIgniter.php(366): CodeIgniter\CodeIgniter->handleRequest(null, Object(Config\Cache), false)
 9 FCPATH\index.php(67): CodeIgniter\CodeIgniter->run()
CRITICAL - 2023-06-20 10:08:35 --> Undefined variable $data
in APPPATH\Views\edit_unit.php on line 17.
 1 APPPATH\Views\edit_unit.php(17): CodeIgniter\Debug\Exceptions->errorHandler(2, 'Undefined variable $data', 'C:\\xampp\\htdocs\\cloud\\app\\Views\\edit_unit.php', 17)
 2 SYSTEMPATH\View\View.php(224): include('C:\\xampp\\htdocs\\cloud\\app\\Views\\edit_unit.php')
 3 SYSTEMPATH\View\View.php(227): CodeIgniter\View\View->CodeIgniter\View\{closure}()
 4 SYSTEMPATH\Common.php(1180): CodeIgniter\View\View->render('edit_unit', [], true)
 5 APPPATH\Controllers\Home.php(55): view('edit_unit', [...])
 6 SYSTEMPATH\CodeIgniter.php(932): App\Controllers\Home->edit_unit('1')
 7 SYSTEMPATH\CodeIgniter.php(497): CodeIgniter\CodeIgniter->runController(Object(App\Controllers\Home))
 8 SYSTEMPATH\CodeIgniter.php(366): CodeIgniter\CodeIgniter->handleRequest(null, Object(Config\Cache), false)
 9 FCPATH\index.php(67): CodeIgniter\CodeIgniter->run()
CRITICAL - 2023-06-20 10:08:35 --> Undefined variable $data
in APPPATH\Views\edit_unit.php on line 17.
 1 APPPATH\Views\edit_unit.php(17): CodeIgniter\Debug\Exceptions->errorHandler(2, 'Undefined variable $data', 'C:\\xampp\\htdocs\\cloud\\app\\Views\\edit_unit.php', 17)
 2 SYSTEMPATH\View\View.php(224): include('C:\\xampp\\htdocs\\cloud\\app\\Views\\edit_unit.php')
 3 SYSTEMPATH\View\View.php(227): CodeIgniter\View\View->CodeIgniter\View\{closure}()
 4 SYSTEMPATH\Common.php(1180): CodeIgniter\View\View->render('edit_unit', [], true)
 5 APPPATH\Controllers\Home.php(55): view('edit_unit', [...])
 6 SYSTEMPATH\CodeIgniter.php(932): App\Controllers\Home->edit_unit('1')
 7 SYSTEMPATH\CodeIgniter.php(497): CodeIgniter\CodeIgniter->runController(Object(App\Controllers\Home))
 8 SYSTEMPATH\CodeIgniter.php(366): CodeIgniter\CodeIgniter->handleRequest(null, Object(Config\Cache), false)
 9 FCPATH\index.php(67): CodeIgniter\CodeIgniter->run()
CRITICAL - 2023-06-20 10:08:35 --> Undefined variable $data
in APPPATH\Views\edit_unit.php on line 17.
 1 APPPATH\Views\edit_unit.php(17): CodeIgniter\Debug\Exceptions->errorHandler(2, 'Undefined variable $data', 'C:\\xampp\\htdocs\\cloud\\app\\Views\\edit_unit.php', 17)
 2 SYSTEMPATH\View\View.php(224): include('C:\\xampp\\htdocs\\cloud\\app\\Views\\edit_unit.php')
 3 SYSTEMPATH\View\View.php(227): CodeIgniter\View\View->CodeIgniter\View\{closure}()
 4 SYSTEMPATH\Common.php(1180): CodeIgniter\View\View->render('edit_unit', [], true)
 5 APPPATH\Controllers\Home.php(55): view('edit_unit', [...])
 6 SYSTEMPATH\CodeIgniter.php(932): App\Controllers\Home->edit_unit('1')
 7 SYSTEMPATH\CodeIgniter.php(497): CodeIgniter\CodeIgniter->runController(Object(App\Controllers\Home))
 8 SYSTEMPATH\CodeIgniter.php(366): CodeIgniter\CodeIgniter->handleRequest(null, Object(Config\Cache), false)
 9 FCPATH\index.php(67): CodeIgniter\CodeIgniter->run()
CRITICAL - 2023-06-20 10:08:39 --> Undefined variable $data
in APPPATH\Views\edit_unit.php on line 17.
 1 APPPATH\Views\edit_unit.php(17): CodeIgniter\Debug\Exceptions->errorHandler(2, 'Undefined variable $data', 'C:\\xampp\\htdocs\\cloud\\app\\Views\\edit_unit.php', 17)
 2 SYSTEMPATH\View\View.php(224): include('C:\\xampp\\htdocs\\cloud\\app\\Views\\edit_unit.php')
 3 SYSTEMPATH\View\View.php(227): CodeIgniter\View\View->CodeIgniter\View\{closure}()
 4 SYSTEMPATH\Common.php(1180): CodeIgniter\View\View->render('edit_unit', [], true)
 5 APPPATH\Controllers\Home.php(55): view('edit_unit', [...])
 6 SYSTEMPATH\CodeIgniter.php(932): App\Controllers\Home->edit_unit('1')
 7 SYSTEMPATH\CodeIgniter.php(497): CodeIgniter\CodeIgniter->runController(Object(App\Controllers\Home))
 8 SYSTEMPATH\CodeIgniter.php(366): CodeIgniter\CodeIgniter->handleRequest(null, Object(Config\Cache), false)
 9 FCPATH\index.php(67): CodeIgniter\CodeIgniter->run()
CRITICAL - 2023-06-20 10:08:47 --> Undefined variable $data
in APPPATH\Views\edit_unit.php on line 17.
 1 APPPATH\Views\edit_unit.php(17): CodeIgniter\Debug\Exceptions->errorHandler(2, 'Undefined variable $data', 'C:\\xampp\\htdocs\\cloud\\app\\Views\\edit_unit.php', 17)
 2 SYSTEMPATH\View\View.php(224): include('C:\\xampp\\htdocs\\cloud\\app\\Views\\edit_unit.php')
 3 SYSTEMPATH\View\View.php(227): CodeIgniter\View\View->CodeIgniter\View\{closure}()
 4 SYSTEMPATH\Common.php(1180): CodeIgniter\View\View->render('edit_unit', [], true)
 5 APPPATH\Controllers\Home.php(55): view('edit_unit', [...])
 6 SYSTEMPATH\CodeIgniter.php(932): App\Controllers\Home->edit_unit('1')
 7 SYSTEMPATH\CodeIgniter.php(497): CodeIgniter\CodeIgniter->runController(Object(App\Controllers\Home))
 8 SYSTEMPATH\CodeIgniter.php(366): CodeIgniter\CodeIgniter->handleRequest(null, Object(Config\Cache), false)
 9 FCPATH\index.php(67): CodeIgniter\CodeIgniter->run()
CRITICAL - 2023-06-20 10:08:47 --> Undefined variable $data
in APPPATH\Views\edit_unit.php on line 17.
 1 APPPATH\Views\edit_unit.php(17): CodeIgniter\Debug\Exceptions->errorHandler(2, 'Undefined variable $data', 'C:\\xampp\\htdocs\\cloud\\app\\Views\\edit_unit.php', 17)
 2 SYSTEMPATH\View\View.php(224): include('C:\\xampp\\htdocs\\cloud\\app\\Views\\edit_unit.php')
 3 SYSTEMPATH\View\View.php(227): CodeIgniter\View\View->CodeIgniter\View\{closure}()
 4 SYSTEMPATH\Common.php(1180): CodeIgniter\View\View->render('edit_unit', [], true)
 5 APPPATH\Controllers\Home.php(55): view('edit_unit', [...])
 6 SYSTEMPATH\CodeIgniter.php(932): App\Controllers\Home->edit_unit('1')
 7 SYSTEMPATH\CodeIgniter.php(497): CodeIgniter\CodeIgniter->runController(Object(App\Controllers\Home))
 8 SYSTEMPATH\CodeIgniter.php(366): CodeIgniter\CodeIgniter->handleRequest(null, Object(Config\Cache), false)
 9 FCPATH\index.php(67): CodeIgniter\CodeIgniter->run()
CRITICAL - 2023-06-20 10:08:48 --> Undefined variable $data
in APPPATH\Views\edit_unit.php on line 17.
 1 APPPATH\Views\edit_unit.php(17): CodeIgniter\Debug\Exceptions->errorHandler(2, 'Undefined variable $data', 'C:\\xampp\\htdocs\\cloud\\app\\Views\\edit_unit.php', 17)
 2 SYSTEMPATH\View\View.php(224): include('C:\\xampp\\htdocs\\cloud\\app\\Views\\edit_unit.php')
 3 SYSTEMPATH\View\View.php(227): CodeIgniter\View\View->CodeIgniter\View\{closure}()
 4 SYSTEMPATH\Common.php(1180): CodeIgniter\View\View->render('edit_unit', [], true)
 5 APPPATH\Controllers\Home.php(55): view('edit_unit', [...])
 6 SYSTEMPATH\CodeIgniter.php(932): App\Controllers\Home->edit_unit('1')
 7 SYSTEMPATH\CodeIgniter.php(497): CodeIgniter\CodeIgniter->runController(Object(App\Controllers\Home))
 8 SYSTEMPATH\CodeIgniter.php(366): CodeIgniter\CodeIgniter->handleRequest(null, Object(Config\Cache), false)
 9 FCPATH\index.php(67): CodeIgniter\CodeIgniter->run()
CRITICAL - 2023-06-20 10:08:53 --> Undefined variable $data
in APPPATH\Views\edit_unit.php on line 17.
 1 APPPATH\Views\edit_unit.php(17): CodeIgniter\Debug\Exceptions->errorHandler(2, 'Undefined variable $data', 'C:\\xampp\\htdocs\\cloud\\app\\Views\\edit_unit.php', 17)
 2 SYSTEMPATH\View\View.php(224): include('C:\\xampp\\htdocs\\cloud\\app\\Views\\edit_unit.php')
 3 SYSTEMPATH\View\View.php(227): CodeIgniter\View\View->CodeIgniter\View\{closure}()
 4 SYSTEMPATH\Common.php(1180): CodeIgniter\View\View->render('edit_unit', [], true)
 5 APPPATH\Controllers\Home.php(55): view('edit_unit', [...])
 6 SYSTEMPATH\CodeIgniter.php(932): App\Controllers\Home->edit_unit('1')
 7 SYSTEMPATH\CodeIgniter.php(497): CodeIgniter\CodeIgniter->runController(Object(App\Controllers\Home))
 8 SYSTEMPATH\CodeIgniter.php(366): CodeIgniter\CodeIgniter->handleRequest(null, Object(Config\Cache), false)
 9 FCPATH\index.php(67): CodeIgniter\CodeIgniter->run()
CRITICAL - 2023-06-20 10:08:53 --> Undefined variable $data
in APPPATH\Views\edit_unit.php on line 17.
 1 APPPATH\Views\edit_unit.php(17): CodeIgniter\Debug\Exceptions->errorHandler(2, 'Undefined variable $data', 'C:\\xampp\\htdocs\\cloud\\app\\Views\\edit_unit.php', 17)
 2 SYSTEMPATH\View\View.php(224): include('C:\\xampp\\htdocs\\cloud\\app\\Views\\edit_unit.php')
 3 SYSTEMPATH\View\View.php(227): CodeIgniter\View\View->CodeIgniter\View\{closure}()
 4 SYSTEMPATH\Common.php(1180): CodeIgniter\View\View->render('edit_unit', [], true)
 5 APPPATH\Controllers\Home.php(55): view('edit_unit', [...])
 6 SYSTEMPATH\CodeIgniter.php(932): App\Controllers\Home->edit_unit('1')
 7 SYSTEMPATH\CodeIgniter.php(497): CodeIgniter\CodeIgniter->runController(Object(App\Controllers\Home))
 8 SYSTEMPATH\CodeIgniter.php(366): CodeIgniter\CodeIgniter->handleRequest(null, Object(Config\Cache), false)
 9 FCPATH\index.php(67): CodeIgniter\CodeIgniter->run()
CRITICAL - 2023-06-20 10:20:12 --> Undefined variable $unit
in APPPATH\Views\edit_item.php on line 40.
 1 APPPATH\Views\edit_item.php(40): CodeIgniter\Debug\Exceptions->errorHandler(2, 'Undefined variable $unit', 'C:\\xampp\\htdocs\\cloud\\app\\Views\\edit_item.php', 40)
 2 SYSTEMPATH\View\View.php(224): include('C:\\xampp\\htdocs\\cloud\\app\\Views\\edit_item.php')
 3 SYSTEMPATH\View\View.php(227): CodeIgniter\View\View->CodeIgniter\View\{closure}()
 4 SYSTEMPATH\Common.php(1180): CodeIgniter\View\View->render('edit_item', [], true)
 5 APPPATH\Controllers\Home.php(165): view('edit_item', [...])
 6 SYSTEMPATH\CodeIgniter.php(932): App\Controllers\Home->edit_item('1')
 7 SYSTEMPATH\CodeIgniter.php(497): CodeIgniter\CodeIgniter->runController(Object(App\Controllers\Home))
 8 SYSTEMPATH\CodeIgniter.php(366): CodeIgniter\CodeIgniter->handleRequest(null, Object(Config\Cache), false)
 9 FCPATH\index.php(67): CodeIgniter\CodeIgniter->run()
CRITICAL - 2023-06-20 10:20:13 --> Undefined variable $unit
in APPPATH\Views\edit_item.php on line 40.
 1 APPPATH\Views\edit_item.php(40): CodeIgniter\Debug\Exceptions->errorHandler(2, 'Undefined variable $unit', 'C:\\xampp\\htdocs\\cloud\\app\\Views\\edit_item.php', 40)
 2 SYSTEMPATH\View\View.php(224): include('C:\\xampp\\htdocs\\cloud\\app\\Views\\edit_item.php')
 3 SYSTEMPATH\View\View.php(227): CodeIgniter\View\View->CodeIgniter\View\{closure}()
 4 SYSTEMPATH\Common.php(1180): CodeIgniter\View\View->render('edit_item', [], true)
 5 APPPATH\Controllers\Home.php(165): view('edit_item', [...])
 6 SYSTEMPATH\CodeIgniter.php(932): App\Controllers\Home->edit_item('1')
 7 SYSTEMPATH\CodeIgniter.php(497): CodeIgniter\CodeIgniter->runController(Object(App\Controllers\Home))
 8 SYSTEMPATH\CodeIgniter.php(366): CodeIgniter\CodeIgniter->handleRequest(null, Object(Config\Cache), false)
 9 FCPATH\index.php(67): CodeIgniter\CodeIgniter->run()
CRITICAL - 2023-06-20 10:20:20 --> Undefined variable $unit
in APPPATH\Views\edit_item.php on line 40.
 1 APPPATH\Views\edit_item.php(40): CodeIgniter\Debug\Exceptions->errorHandler(2, 'Undefined variable $unit', 'C:\\xampp\\htdocs\\cloud\\app\\Views\\edit_item.php', 40)
 2 SYSTEMPATH\View\View.php(224): include('C:\\xampp\\htdocs\\cloud\\app\\Views\\edit_item.php')
 3 SYSTEMPATH\View\View.php(227): CodeIgniter\View\View->CodeIgniter\View\{closure}()
 4 SYSTEMPATH\Common.php(1180): CodeIgniter\View\View->render('edit_item', [], true)
 5 APPPATH\Controllers\Home.php(165): view('edit_item', [...])
 6 SYSTEMPATH\CodeIgniter.php(932): App\Controllers\Home->edit_item('1')
 7 SYSTEMPATH\CodeIgniter.php(497): CodeIgniter\CodeIgniter->runController(Object(App\Controllers\Home))
 8 SYSTEMPATH\CodeIgniter.php(366): CodeIgniter\CodeIgniter->handleRequest(null, Object(Config\Cache), false)
 9 FCPATH\index.php(67): CodeIgniter\CodeIgniter->run()
CRITICAL - 2023-06-20 10:20:21 --> Undefined array key "unit_status"
in APPPATH\Views\edit_item.php on line 40.
 1 APPPATH\Views\edit_item.php(40): CodeIgniter\Debug\Exceptions->errorHandler(2, 'Undefined array key "unit_status"', 'C:\\xampp\\htdocs\\cloud\\app\\Views\\edit_item.php', 40)
 2 SYSTEMPATH\View\View.php(224): include('C:\\xampp\\htdocs\\cloud\\app\\Views\\edit_item.php')
 3 SYSTEMPATH\View\View.php(227): CodeIgniter\View\View->CodeIgniter\View\{closure}()
 4 SYSTEMPATH\Common.php(1180): CodeIgniter\View\View->render('edit_item', [], true)
 5 APPPATH\Controllers\Home.php(165): view('edit_item', [...])
 6 SYSTEMPATH\CodeIgniter.php(932): App\Controllers\Home->edit_item('1')
 7 SYSTEMPATH\CodeIgniter.php(497): CodeIgniter\CodeIgniter->runController(Object(App\Controllers\Home))
 8 SYSTEMPATH\CodeIgniter.php(366): CodeIgniter\CodeIgniter->handleRequest(null, Object(Config\Cache), false)
 9 FCPATH\index.php(67): CodeIgniter\CodeIgniter->run()
CRITICAL - 2023-06-20 10:20:21 --> Undefined array key "unit_status"
in APPPATH\Views\edit_item.php on line 40.
 1 APPPATH\Views\edit_item.php(40): CodeIgniter\Debug\Exceptions->errorHandler(2, 'Undefined array key "unit_status"', 'C:\\xampp\\htdocs\\cloud\\app\\Views\\edit_item.php', 40)
 2 SYSTEMPATH\View\View.php(224): include('C:\\xampp\\htdocs\\cloud\\app\\Views\\edit_item.php')
 3 SYSTEMPATH\View\View.php(227): CodeIgniter\View\View->CodeIgniter\View\{closure}()
 4 SYSTEMPATH\Common.php(1180): CodeIgniter\View\View->render('edit_item', [], true)
 5 APPPATH\Controllers\Home.php(165): view('edit_item', [...])
 6 SYSTEMPATH\CodeIgniter.php(932): App\Controllers\Home->edit_item('1')
 7 SYSTEMPATH\CodeIgniter.php(497): CodeIgniter\CodeIgniter->runController(Object(App\Controllers\Home))
 8 SYSTEMPATH\CodeIgniter.php(366): CodeIgniter\CodeIgniter->handleRequest(null, Object(Config\Cache), false)
 9 FCPATH\index.php(67): CodeIgniter\CodeIgniter->run()
CRITICAL - 2023-06-20 10:20:21 --> Undefined array key "unit_status"
in APPPATH\Views\edit_item.php on line 40.
 1 APPPATH\Views\edit_item.php(40): CodeIgniter\Debug\Exceptions->errorHandler(2, 'Undefined array key "unit_status"', 'C:\\xampp\\htdocs\\cloud\\app\\Views\\edit_item.php', 40)
 2 SYSTEMPATH\View\View.php(224): include('C:\\xampp\\htdocs\\cloud\\app\\Views\\edit_item.php')
 3 SYSTEMPATH\View\View.php(227): CodeIgniter\View\View->CodeIgniter\View\{closure}()
 4 SYSTEMPATH\Common.php(1180): CodeIgniter\View\View->render('edit_item', [], true)
 5 APPPATH\Controllers\Home.php(165): view('edit_item', [...])
 6 SYSTEMPATH\CodeIgniter.php(932): App\Controllers\Home->edit_item('1')
 7 SYSTEMPATH\CodeIgniter.php(497): CodeIgniter\CodeIgniter->runController(Object(App\Controllers\Home))
 8 SYSTEMPATH\CodeIgniter.php(366): CodeIgniter\CodeIgniter->handleRequest(null, Object(Config\Cache), false)
 9 FCPATH\index.php(67): CodeIgniter\CodeIgniter->run()
CRITICAL - 2023-06-20 10:20:28 --> Undefined array key "unit_status"
in APPPATH\Views\edit_item.php on line 41.
 1 APPPATH\Views\edit_item.php(41): CodeIgniter\Debug\Exceptions->errorHandler(2, 'Undefined array key "unit_status"', 'C:\\xampp\\htdocs\\cloud\\app\\Views\\edit_item.php', 41)
 2 SYSTEMPATH\View\View.php(224): include('C:\\xampp\\htdocs\\cloud\\app\\Views\\edit_item.php')
 3 SYSTEMPATH\View\View.php(227): CodeIgniter\View\View->CodeIgniter\View\{closure}()
 4 SYSTEMPATH\Common.php(1180): CodeIgniter\View\View->render('edit_item', [], true)
 5 APPPATH\Controllers\Home.php(165): view('edit_item', [...])
 6 SYSTEMPATH\CodeIgniter.php(932): App\Controllers\Home->edit_item('1')
 7 SYSTEMPATH\CodeIgniter.php(497): CodeIgniter\CodeIgniter->runController(Object(App\Controllers\Home))
 8 SYSTEMPATH\CodeIgniter.php(366): CodeIgniter\CodeIgniter->handleRequest(null, Object(Config\Cache), false)
 9 FCPATH\index.php(67): CodeIgniter\CodeIgniter->run()
CRITICAL - 2023-06-20 10:40:48 --> Unsupported operand types: string + int
in APPPATH\Views\supplier.php on line 167.
 1 SYSTEMPATH\View\View.php(224): include()
 2 SYSTEMPATH\View\View.php(227): CodeIgniter\View\View->CodeIgniter\View\{closure}()
 3 SYSTEMPATH\Common.php(1180): CodeIgniter\View\View->render('supplier', [], true)
 4 APPPATH\Controllers\Home.php(360): view('supplier', [...])
 5 SYSTEMPATH\CodeIgniter.php(932): App\Controllers\Home->edit_supplier('1')
 6 SYSTEMPATH\CodeIgniter.php(497): CodeIgniter\CodeIgniter->runController(Object(App\Controllers\Home))
 7 SYSTEMPATH\CodeIgniter.php(366): CodeIgniter\CodeIgniter->handleRequest(null, Object(Config\Cache), false)
 8 FCPATH\index.php(67): CodeIgniter\CodeIgniter->run()
CRITICAL - 2023-06-20 10:40:52 --> Unsupported operand types: string + int
in APPPATH\Views\supplier.php on line 167.
 1 SYSTEMPATH\View\View.php(224): include()
 2 SYSTEMPATH\View\View.php(227): CodeIgniter\View\View->CodeIgniter\View\{closure}()
 3 SYSTEMPATH\Common.php(1180): CodeIgniter\View\View->render('supplier', [], true)
 4 APPPATH\Controllers\Home.php(360): view('supplier', [...])
 5 SYSTEMPATH\CodeIgniter.php(932): App\Controllers\Home->edit_supplier('1')
 6 SYSTEMPATH\CodeIgniter.php(497): CodeIgniter\CodeIgniter->runController(Object(App\Controllers\Home))
 7 SYSTEMPATH\CodeIgniter.php(366): CodeIgniter\CodeIgniter->handleRequest(null, Object(Config\Cache), false)
 8 FCPATH\index.php(67): CodeIgniter\CodeIgniter->run()
CRITICAL - 2023-06-20 10:41:04 --> Unsupported operand types: string + int
in APPPATH\Views\supplier.php on line 167.
 1 SYSTEMPATH\View\View.php(224): include()
 2 SYSTEMPATH\View\View.php(227): CodeIgniter\View\View->CodeIgniter\View\{closure}()
 3 SYSTEMPATH\Common.php(1180): CodeIgniter\View\View->render('supplier', [], true)
 4 APPPATH\Controllers\Home.php(360): view('supplier', [...])
 5 SYSTEMPATH\CodeIgniter.php(932): App\Controllers\Home->edit_supplier('1')
 6 SYSTEMPATH\CodeIgniter.php(497): CodeIgniter\CodeIgniter->runController(Object(App\Controllers\Home))
 7 SYSTEMPATH\CodeIgniter.php(366): CodeIgniter\CodeIgniter->handleRequest(null, Object(Config\Cache), false)
 8 FCPATH\index.php(67): CodeIgniter\CodeIgniter->run()
CRITICAL - 2023-06-20 10:42:09 --> Unsupported operand types: string + int
in APPPATH\Views\unit.php on line 59.
 1 SYSTEMPATH\View\View.php(224): include()
 2 SYSTEMPATH\View\View.php(227): CodeIgniter\View\View->CodeIgniter\View\{closure}()
 3 SYSTEMPATH\Common.php(1180): CodeIgniter\View\View->render('unit', [], true)
 4 APPPATH\Controllers\Home.php(76): view('unit', [...])
 5 SYSTEMPATH\CodeIgniter.php(932): App\Controllers\Home->edit_unit('1')
 6 SYSTEMPATH\CodeIgniter.php(497): CodeIgniter\CodeIgniter->runController(Object(App\Controllers\Home))
 7 SYSTEMPATH\CodeIgniter.php(366): CodeIgniter\CodeIgniter->handleRequest(null, Object(Config\Cache), false)
 8 FCPATH\index.php(67): CodeIgniter\CodeIgniter->run()
CRITICAL - 2023-06-20 10:42:36 --> Invalid file: "unit/1.php"
in SYSTEMPATH\Exceptions\FrameworkException.php on line 33.
 1 SYSTEMPATH\View\View.php(212): CodeIgniter\Exceptions\FrameworkException::forInvalidFile('unit/1.php')
 2 SYSTEMPATH\Common.php(1180): CodeIgniter\View\View->render('unit/1', [], true)
 3 APPPATH\Controllers\Home.php(76): view('unit/1', [...])
 4 SYSTEMPATH\CodeIgniter.php(932): App\Controllers\Home->edit_unit('1')
 5 SYSTEMPATH\CodeIgniter.php(497): CodeIgniter\CodeIgniter->runController(Object(App\Controllers\Home))
 6 SYSTEMPATH\CodeIgniter.php(366): CodeIgniter\CodeIgniter->handleRequest(null, Object(Config\Cache), false)
 7 FCPATH\index.php(67): CodeIgniter\CodeIgniter->run()
CRITICAL - 2023-06-20 10:43:19 --> Invalid file: "unit/1.php"
in SYSTEMPATH\Exceptions\FrameworkException.php on line 33.
 1 SYSTEMPATH\View\View.php(212): CodeIgniter\Exceptions\FrameworkException::forInvalidFile('unit/1.php')
 2 SYSTEMPATH\Common.php(1180): CodeIgniter\View\View->render('unit/1', [], true)
 3 APPPATH\Controllers\Home.php(76): view('unit/1', [...])
 4 SYSTEMPATH\CodeIgniter.php(932): App\Controllers\Home->edit_unit('1')
 5 SYSTEMPATH\CodeIgniter.php(497): CodeIgniter\CodeIgniter->runController(Object(App\Controllers\Home))
 6 SYSTEMPATH\CodeIgniter.php(366): CodeIgniter\CodeIgniter->handleRequest(null, Object(Config\Cache), false)
 7 FCPATH\index.php(67): CodeIgniter\CodeIgniter->run()
CRITICAL - 2023-06-20 10:43:28 --> Unsupported operand types: string + int
in APPPATH\Views\unit.php on line 59.
 1 SYSTEMPATH\View\View.php(224): include()
 2 SYSTEMPATH\View\View.php(227): CodeIgniter\View\View->CodeIgniter\View\{closure}()
 3 SYSTEMPATH\Common.php(1180): CodeIgniter\View\View->render('unit', [], true)
 4 APPPATH\Controllers\Home.php(76): view('unit', [...])
 5 SYSTEMPATH\CodeIgniter.php(932): App\Controllers\Home->edit_unit('1')
 6 SYSTEMPATH\CodeIgniter.php(497): CodeIgniter\CodeIgniter->runController(Object(App\Controllers\Home))
 7 SYSTEMPATH\CodeIgniter.php(366): CodeIgniter\CodeIgniter->handleRequest(null, Object(Config\Cache), false)
 8 FCPATH\index.php(67): CodeIgniter\CodeIgniter->run()
CRITICAL - 2023-06-20 10:43:49 --> Cannot access offset of type string on string
in APPPATH\Views\unit.php on line 60.
 1 SYSTEMPATH\View\View.php(224): include()
 2 SYSTEMPATH\View\View.php(227): CodeIgniter\View\View->CodeIgniter\View\{closure}()
 3 SYSTEMPATH\Common.php(1180): CodeIgniter\View\View->render('unit', [], true)
 4 APPPATH\Controllers\Home.php(76): view('unit', [...])
 5 SYSTEMPATH\CodeIgniter.php(932): App\Controllers\Home->edit_unit('1')
 6 SYSTEMPATH\CodeIgniter.php(497): CodeIgniter\CodeIgniter->runController(Object(App\Controllers\Home))
 7 SYSTEMPATH\CodeIgniter.php(366): CodeIgniter\CodeIgniter->handleRequest(null, Object(Config\Cache), false)
 8 FCPATH\index.php(67): CodeIgniter\CodeIgniter->run()
CRITICAL - 2023-06-20 10:43:50 --> Cannot access offset of type string on string
in APPPATH\Views\unit.php on line 60.
 1 SYSTEMPATH\View\View.php(224): include()
 2 SYSTEMPATH\View\View.php(227): CodeIgniter\View\View->CodeIgniter\View\{closure}()
 3 SYSTEMPATH\Common.php(1180): CodeIgniter\View\View->render('unit', [], true)
 4 APPPATH\Controllers\Home.php(76): view('unit', [...])
 5 SYSTEMPATH\CodeIgniter.php(932): App\Controllers\Home->edit_unit('1')
 6 SYSTEMPATH\CodeIgniter.php(497): CodeIgniter\CodeIgniter->runController(Object(App\Controllers\Home))
 7 SYSTEMPATH\CodeIgniter.php(366): CodeIgniter\CodeIgniter->handleRequest(null, Object(Config\Cache), false)
 8 FCPATH\index.php(67): CodeIgniter\CodeIgniter->run()
CRITICAL - 2023-06-20 10:43:58 --> Unsupported operand types: string + int
in APPPATH\Views\unit.php on line 59.
 1 SYSTEMPATH\View\View.php(224): include()
 2 SYSTEMPATH\View\View.php(227): CodeIgniter\View\View->CodeIgniter\View\{closure}()
 3 SYSTEMPATH\Common.php(1180): CodeIgniter\View\View->render('unit', [], true)
 4 APPPATH\Controllers\Home.php(76): view('unit', [...])
 5 SYSTEMPATH\CodeIgniter.php(932): App\Controllers\Home->edit_unit('1')
 6 SYSTEMPATH\CodeIgniter.php(497): CodeIgniter\CodeIgniter->runController(Object(App\Controllers\Home))
 7 SYSTEMPATH\CodeIgniter.php(366): CodeIgniter\CodeIgniter->handleRequest(null, Object(Config\Cache), false)
 8 FCPATH\index.php(67): CodeIgniter\CodeIgniter->run()
CRITICAL - 2023-06-20 10:44:33 --> Invalid file: "unit/ . $id"
in SYSTEMPATH\Exceptions\FrameworkException.php on line 33.
 1 SYSTEMPATH\View\View.php(212): CodeIgniter\Exceptions\FrameworkException::forInvalidFile('unit/ . $id')
 2 SYSTEMPATH\Common.php(1180): CodeIgniter\View\View->render('unit/ . $id', [], true)
 3 APPPATH\Controllers\Home.php(76): view('unit/ . $id', [...])
 4 SYSTEMPATH\CodeIgniter.php(932): App\Controllers\Home->edit_unit('1')
 5 SYSTEMPATH\CodeIgniter.php(497): CodeIgniter\CodeIgniter->runController(Object(App\Controllers\Home))
 6 SYSTEMPATH\CodeIgniter.php(366): CodeIgniter\CodeIgniter->handleRequest(null, Object(Config\Cache), false)
 7 FCPATH\index.php(67): CodeIgniter\CodeIgniter->run()
CRITICAL - 2023-06-20 10:44:33 --> Invalid file: "unit/ . $id"
in SYSTEMPATH\Exceptions\FrameworkException.php on line 33.
 1 SYSTEMPATH\View\View.php(212): CodeIgniter\Exceptions\FrameworkException::forInvalidFile('unit/ . $id')
 2 SYSTEMPATH\Common.php(1180): CodeIgniter\View\View->render('unit/ . $id', [], true)
 3 APPPATH\Controllers\Home.php(76): view('unit/ . $id', [...])
 4 SYSTEMPATH\CodeIgniter.php(932): App\Controllers\Home->edit_unit('1')
 5 SYSTEMPATH\CodeIgniter.php(497): CodeIgniter\CodeIgniter->runController(Object(App\Controllers\Home))
 6 SYSTEMPATH\CodeIgniter.php(366): CodeIgniter\CodeIgniter->handleRequest(null, Object(Config\Cache), false)
 7 FCPATH\index.php(67): CodeIgniter\CodeIgniter->run()
CRITICAL - 2023-06-20 10:44:42 --> Unsupported operand types: string + int
in APPPATH\Views\unit.php on line 59.
 1 SYSTEMPATH\View\View.php(224): include()
 2 SYSTEMPATH\View\View.php(227): CodeIgniter\View\View->CodeIgniter\View\{closure}()
 3 SYSTEMPATH\Common.php(1180): CodeIgniter\View\View->render('unit', [], true)
 4 APPPATH\Controllers\Home.php(76): view('unit', [...])
 5 SYSTEMPATH\CodeIgniter.php(932): App\Controllers\Home->edit_unit('1')
 6 SYSTEMPATH\CodeIgniter.php(497): CodeIgniter\CodeIgniter->runController(Object(App\Controllers\Home))
 7 SYSTEMPATH\CodeIgniter.php(366): CodeIgniter\CodeIgniter->handleRequest(null, Object(Config\Cache), false)
 8 FCPATH\index.php(67): CodeIgniter\CodeIgniter->run()
CRITICAL - 2023-06-20 10:45:11 --> Unsupported operand types: string + int
in APPPATH\Views\unit.php on line 59.
 1 SYSTEMPATH\View\View.php(224): include()
 2 SYSTEMPATH\View\View.php(227): CodeIgniter\View\View->CodeIgniter\View\{closure}()
 3 SYSTEMPATH\Common.php(1180): CodeIgniter\View\View->render('unit', [], true)
 4 APPPATH\Controllers\Home.php(76): view('unit', [...])
 5 SYSTEMPATH\CodeIgniter.php(932): App\Controllers\Home->edit_unit('1')
 6 SYSTEMPATH\CodeIgniter.php(497): CodeIgniter\CodeIgniter->runController(Object(App\Controllers\Home))
 7 SYSTEMPATH\CodeIgniter.php(366): CodeIgniter\CodeIgniter->handleRequest(null, Object(Config\Cache), false)
 8 FCPATH\index.php(67): CodeIgniter\CodeIgniter->run()
CRITICAL - 2023-06-20 11:27:35 --> Undefined variable $item
in APPPATH\Views\edit_product.php on line 22.
 1 APPPATH\Views\edit_product.php(22): CodeIgniter\Debug\Exceptions->errorHandler(2, 'Undefined variable $item', 'C:\\xampp\\htdocs\\cloud\\app\\Views\\edit_product.php', 22)
 2 SYSTEMPATH\View\View.php(224): include('C:\\xampp\\htdocs\\cloud\\app\\Views\\edit_product.php')
 3 SYSTEMPATH\View\View.php(227): CodeIgniter\View\View->CodeIgniter\View\{closure}()
 4 SYSTEMPATH\Common.php(1180): CodeIgniter\View\View->render('edit_product', [], true)
 5 APPPATH\Controllers\Home.php(250): view('edit_product', [...])
 6 SYSTEMPATH\CodeIgniter.php(932): App\Controllers\Home->edit_product('2')
 7 SYSTEMPATH\CodeIgniter.php(497): CodeIgniter\CodeIgniter->runController(Object(App\Controllers\Home))
 8 SYSTEMPATH\CodeIgniter.php(366): CodeIgniter\CodeIgniter->handleRequest(null, Object(Config\Cache), false)
 9 FCPATH\index.php(67): CodeIgniter\CodeIgniter->run()
CRITICAL - 2023-06-20 11:28:48 --> Undefined variable $item
in APPPATH\Views\edit_product.php on line 22.
 1 APPPATH\Views\edit_product.php(22): CodeIgniter\Debug\Exceptions->errorHandler(2, 'Undefined variable $item', 'C:\\xampp\\htdocs\\cloud\\app\\Views\\edit_product.php', 22)
 2 SYSTEMPATH\View\View.php(224): include('C:\\xampp\\htdocs\\cloud\\app\\Views\\edit_product.php')
 3 SYSTEMPATH\View\View.php(227): CodeIgniter\View\View->CodeIgniter\View\{closure}()
 4 SYSTEMPATH\Common.php(1180): CodeIgniter\View\View->render('edit_product', [], true)
 5 APPPATH\Controllers\Home.php(255): view('edit_product', [...])
 6 SYSTEMPATH\CodeIgniter.php(932): App\Controllers\Home->edit_product('2')
 7 SYSTEMPATH\CodeIgniter.php(497): CodeIgniter\CodeIgniter->runController(Object(App\Controllers\Home))
 8 SYSTEMPATH\CodeIgniter.php(366): CodeIgniter\CodeIgniter->handleRequest(null, Object(Config\Cache), false)
 9 FCPATH\index.php(67): CodeIgniter\CodeIgniter->run()
CRITICAL - 2023-06-20 11:28:52 --> Undefined variable $item
in APPPATH\Views\edit_product.php on line 22.
 1 APPPATH\Views\edit_product.php(22): CodeIgniter\Debug\Exceptions->errorHandler(2, 'Undefined variable $item', 'C:\\xampp\\htdocs\\cloud\\app\\Views\\edit_product.php', 22)
 2 SYSTEMPATH\View\View.php(224): include('C:\\xampp\\htdocs\\cloud\\app\\Views\\edit_product.php')
 3 SYSTEMPATH\View\View.php(227): CodeIgniter\View\View->CodeIgniter\View\{closure}()
 4 SYSTEMPATH\Common.php(1180): CodeIgniter\View\View->render('edit_product', [], true)
 5 APPPATH\Controllers\Home.php(255): view('edit_product', [...])
 6 SYSTEMPATH\CodeIgniter.php(932): App\Controllers\Home->edit_product('2')
 7 SYSTEMPATH\CodeIgniter.php(497): CodeIgniter\CodeIgniter->runController(Object(App\Controllers\Home))
 8 SYSTEMPATH\CodeIgniter.php(366): CodeIgniter\CodeIgniter->handleRequest(null, Object(Config\Cache), false)
 9 FCPATH\index.php(67): CodeIgniter\CodeIgniter->run()
CRITICAL - 2023-06-20 11:35:29 --> syntax error, unexpected token ";"
in APPPATH\Views\edit_product.php on line 3.
 1 SYSTEMPATH\View\View.php(227): CodeIgniter\View\View->CodeIgniter\View\{closure}()
 2 SYSTEMPATH\Common.php(1180): CodeIgniter\View\View->render('edit_product', [], true)
 3 APPPATH\Controllers\Home.php(255): view('edit_product', [...])
 4 SYSTEMPATH\CodeIgniter.php(932): App\Controllers\Home->edit_product('2')
 5 SYSTEMPATH\CodeIgniter.php(497): CodeIgniter\CodeIgniter->runController(Object(App\Controllers\Home))
 6 SYSTEMPATH\CodeIgniter.php(366): CodeIgniter\CodeIgniter->handleRequest(null, Object(Config\Cache), false)
 7 FCPATH\index.php(67): CodeIgniter\CodeIgniter->run()
CRITICAL - 2023-06-20 11:41:33 --> The original file is not a valid file.
in SYSTEMPATH\HTTP\Files\UploadedFile.php on line 137.
 1 SYSTEMPATH\HTTP\Files\UploadedFile.php(137): CodeIgniter\HTTP\Exceptions\HTTPException::forInvalidFile()
 2 APPPATH\Controllers\Home.php(266): CodeIgniter\HTTP\Files\UploadedFile->move('C:\\xampp\\htdocs\\cloud\\uploads/', '')
 3 SYSTEMPATH\CodeIgniter.php(932): App\Controllers\Home->edit_product('3')
 4 SYSTEMPATH\CodeIgniter.php(497): CodeIgniter\CodeIgniter->runController(Object(App\Controllers\Home))
 5 SYSTEMPATH\CodeIgniter.php(366): CodeIgniter\CodeIgniter->handleRequest(null, Object(Config\Cache), false)
 6 FCPATH\index.php(67): CodeIgniter\CodeIgniter->run()
CRITICAL - 2023-06-20 11:42:26 --> Undefined array key "pimg"
in APPPATH\Views\edit_product.php on line 104.
 1 APPPATH\Views\edit_product.php(104): CodeIgniter\Debug\Exceptions->errorHandler(2, 'Undefined array key "pimg"', 'C:\\xampp\\htdocs\\cloud\\app\\Views\\edit_product.php', 104)
 2 SYSTEMPATH\View\View.php(224): include('C:\\xampp\\htdocs\\cloud\\app\\Views\\edit_product.php')
 3 SYSTEMPATH\View\View.php(227): CodeIgniter\View\View->CodeIgniter\View\{closure}()
 4 SYSTEMPATH\Common.php(1180): CodeIgniter\View\View->render('edit_product', [], true)
 5 APPPATH\Controllers\Home.php(298): view('edit_product', [...])
 6 SYSTEMPATH\CodeIgniter.php(932): App\Controllers\Home->edit_product('3')
 7 SYSTEMPATH\CodeIgniter.php(497): CodeIgniter\CodeIgniter->runController(Object(App\Controllers\Home))
 8 SYSTEMPATH\CodeIgniter.php(366): CodeIgniter\CodeIgniter->handleRequest(null, Object(Config\Cache), false)
 9 FCPATH\index.php(67): CodeIgniter\CodeIgniter->run()
CRITICAL - 2023-06-20 11:42:26 --> Undefined array key "pimg"
in APPPATH\Views\edit_product.php on line 104.
 1 APPPATH\Views\edit_product.php(104): CodeIgniter\Debug\Exceptions->errorHandler(2, 'Undefined array key "pimg"', 'C:\\xampp\\htdocs\\cloud\\app\\Views\\edit_product.php', 104)
 2 SYSTEMPATH\View\View.php(224): include('C:\\xampp\\htdocs\\cloud\\app\\Views\\edit_product.php')
 3 SYSTEMPATH\View\View.php(227): CodeIgniter\View\View->CodeIgniter\View\{closure}()
 4 SYSTEMPATH\Common.php(1180): CodeIgniter\View\View->render('edit_product', [], true)
 5 APPPATH\Controllers\Home.php(298): view('edit_product', [...])
 6 SYSTEMPATH\CodeIgniter.php(932): App\Controllers\Home->edit_product('3')
 7 SYSTEMPATH\CodeIgniter.php(497): CodeIgniter\CodeIgniter->runController(Object(App\Controllers\Home))
 8 SYSTEMPATH\CodeIgniter.php(366): CodeIgniter\CodeIgniter->handleRequest(null, Object(Config\Cache), false)
 9 FCPATH\index.php(67): CodeIgniter\CodeIgniter->run()
CRITICAL - 2023-06-20 11:42:34 --> Undefined array key "pimg"
in APPPATH\Views\edit_product.php on line 104.
 1 APPPATH\Views\edit_product.php(104): CodeIgniter\Debug\Exceptions->errorHandler(2, 'Undefined array key "pimg"', 'C:\\xampp\\htdocs\\cloud\\app\\Views\\edit_product.php', 104)
 2 SYSTEMPATH\View\View.php(224): include('C:\\xampp\\htdocs\\cloud\\app\\Views\\edit_product.php')
 3 SYSTEMPATH\View\View.php(227): CodeIgniter\View\View->CodeIgniter\View\{closure}()
 4 SYSTEMPATH\Common.php(1180): CodeIgniter\View\View->render('edit_product', [], true)
 5 APPPATH\Controllers\Home.php(298): view('edit_product', [...])
 6 SYSTEMPATH\CodeIgniter.php(932): App\Controllers\Home->edit_product('3')
 7 SYSTEMPATH\CodeIgniter.php(497): CodeIgniter\CodeIgniter->runController(Object(App\Controllers\Home))
 8 SYSTEMPATH\CodeIgniter.php(366): CodeIgniter\CodeIgniter->handleRequest(null, Object(Config\Cache), false)
 9 FCPATH\index.php(67): CodeIgniter\CodeIgniter->run()
CRITICAL - 2023-06-20 11:42:38 --> Undefined array key "pimg"
in APPPATH\Views\edit_product.php on line 104.
 1 APPPATH\Views\edit_product.php(104): CodeIgniter\Debug\Exceptions->errorHandler(2, 'Undefined array key "pimg"', 'C:\\xampp\\htdocs\\cloud\\app\\Views\\edit_product.php', 104)
 2 SYSTEMPATH\View\View.php(224): include('C:\\xampp\\htdocs\\cloud\\app\\Views\\edit_product.php')
 3 SYSTEMPATH\View\View.php(227): CodeIgniter\View\View->CodeIgniter\View\{closure}()
 4 SYSTEMPATH\Common.php(1180): CodeIgniter\View\View->render('edit_product', [], true)
 5 APPPATH\Controllers\Home.php(298): view('edit_product', [...])
 6 SYSTEMPATH\CodeIgniter.php(932): App\Controllers\Home->edit_product('3')
 7 SYSTEMPATH\CodeIgniter.php(497): CodeIgniter\CodeIgniter->runController(Object(App\Controllers\Home))
 8 SYSTEMPATH\CodeIgniter.php(366): CodeIgniter\CodeIgniter->handleRequest(null, Object(Config\Cache), false)
 9 FCPATH\index.php(67): CodeIgniter\CodeIgniter->run()
CRITICAL - 2023-06-20 11:44:22 --> The original file is not a valid file.
in SYSTEMPATH\HTTP\Files\UploadedFile.php on line 137.
 1 SYSTEMPATH\HTTP\Files\UploadedFile.php(137): CodeIgniter\HTTP\Exceptions\HTTPException::forInvalidFile()
 2 APPPATH\Controllers\Home.php(266): CodeIgniter\HTTP\Files\UploadedFile->move('C:\\xampp\\htdocs\\cloud\\uploads/', '')
 3 SYSTEMPATH\CodeIgniter.php(932): App\Controllers\Home->edit_product('3')
 4 SYSTEMPATH\CodeIgniter.php(497): CodeIgniter\CodeIgniter->runController(Object(App\Controllers\Home))
 5 SYSTEMPATH\CodeIgniter.php(366): CodeIgniter\CodeIgniter->handleRequest(null, Object(Config\Cache), false)
 6 FCPATH\index.php(67): CodeIgniter\CodeIgniter->run()
CRITICAL - 2023-06-20 11:45:16 --> The original file is not a valid file.
in SYSTEMPATH\HTTP\Files\UploadedFile.php on line 137.
 1 SYSTEMPATH\HTTP\Files\UploadedFile.php(137): CodeIgniter\HTTP\Exceptions\HTTPException::forInvalidFile()
 2 APPPATH\Controllers\Home.php(266): CodeIgniter\HTTP\Files\UploadedFile->move('C:\\xampp\\htdocs\\cloud\\uploads/', '')
 3 SYSTEMPATH\CodeIgniter.php(932): App\Controllers\Home->edit_product('3')
 4 SYSTEMPATH\CodeIgniter.php(497): CodeIgniter\CodeIgniter->runController(Object(App\Controllers\Home))
 5 SYSTEMPATH\CodeIgniter.php(366): CodeIgniter\CodeIgniter->handleRequest(null, Object(Config\Cache), false)
 6 FCPATH\index.php(67): CodeIgniter\CodeIgniter->run()
CRITICAL - 2023-06-20 11:48:45 --> The original file is not a valid file.
in SYSTEMPATH\HTTP\Files\UploadedFile.php on line 137.
 1 SYSTEMPATH\HTTP\Files\UploadedFile.php(137): CodeIgniter\HTTP\Exceptions\HTTPException::forInvalidFile()
 2 APPPATH\Controllers\Home.php(266): CodeIgniter\HTTP\Files\UploadedFile->move('C:\\xampp\\htdocs\\cloud\\uploads/', '')
 3 SYSTEMPATH\CodeIgniter.php(932): App\Controllers\Home->edit_product('3')
 4 SYSTEMPATH\CodeIgniter.php(497): CodeIgniter\CodeIgniter->runController(Object(App\Controllers\Home))
 5 SYSTEMPATH\CodeIgniter.php(366): CodeIgniter\CodeIgniter->handleRequest(null, Object(Config\Cache), false)
 6 FCPATH\index.php(67): CodeIgniter\CodeIgniter->run()
CRITICAL - 2023-06-20 11:50:07 --> The original file is not a valid file.
in SYSTEMPATH\HTTP\Files\UploadedFile.php on line 137.
 1 SYSTEMPATH\HTTP\Files\UploadedFile.php(137): CodeIgniter\HTTP\Exceptions\HTTPException::forInvalidFile()
 2 APPPATH\Controllers\Home.php(266): CodeIgniter\HTTP\Files\UploadedFile->move('C:\\xampp\\htdocs\\cloud\\uploads/', '')
 3 SYSTEMPATH\CodeIgniter.php(932): App\Controllers\Home->edit_product('3')
 4 SYSTEMPATH\CodeIgniter.php(497): CodeIgniter\CodeIgniter->runController(Object(App\Controllers\Home))
 5 SYSTEMPATH\CodeIgniter.php(366): CodeIgniter\CodeIgniter->handleRequest(null, Object(Config\Cache), false)
 6 FCPATH\index.php(67): CodeIgniter\CodeIgniter->run()
CRITICAL - 2023-06-20 11:50:24 --> The original file is not a valid file.
in SYSTEMPATH\HTTP\Files\UploadedFile.php on line 137.
 1 SYSTEMPATH\HTTP\Files\UploadedFile.php(137): CodeIgniter\HTTP\Exceptions\HTTPException::forInvalidFile()
 2 APPPATH\Controllers\Home.php(266): CodeIgniter\HTTP\Files\UploadedFile->move('C:\\xampp\\htdocs\\cloud\\uploads/', '')
 3 SYSTEMPATH\CodeIgniter.php(932): App\Controllers\Home->edit_product('3')
 4 SYSTEMPATH\CodeIgniter.php(497): CodeIgniter\CodeIgniter->runController(Object(App\Controllers\Home))
 5 SYSTEMPATH\CodeIgniter.php(366): CodeIgniter\CodeIgniter->handleRequest(null, Object(Config\Cache), false)
 6 FCPATH\index.php(67): CodeIgniter\CodeIgniter->run()
CRITICAL - 2023-06-20 11:54:13 --> The original file is not a valid file.
in SYSTEMPATH\HTTP\Files\UploadedFile.php on line 137.
 1 SYSTEMPATH\HTTP\Files\UploadedFile.php(137): CodeIgniter\HTTP\Exceptions\HTTPException::forInvalidFile()
 2 APPPATH\Controllers\Home.php(266): CodeIgniter\HTTP\Files\UploadedFile->move('C:\\xampp\\htdocs\\cloud\\uploads/', '')
 3 SYSTEMPATH\CodeIgniter.php(932): App\Controllers\Home->edit_product('3')
 4 SYSTEMPATH\CodeIgniter.php(497): CodeIgniter\CodeIgniter->runController(Object(App\Controllers\Home))
 5 SYSTEMPATH\CodeIgniter.php(366): CodeIgniter\CodeIgniter->handleRequest(null, Object(Config\Cache), false)
 6 FCPATH\index.php(67): CodeIgniter\CodeIgniter->run()
CRITICAL - 2023-06-20 11:55:29 --> The original file is not a valid file.
in SYSTEMPATH\HTTP\Files\UploadedFile.php on line 137.
 1 SYSTEMPATH\HTTP\Files\UploadedFile.php(137): CodeIgniter\HTTP\Exceptions\HTTPException::forInvalidFile()
 2 APPPATH\Controllers\Home.php(266): CodeIgniter\HTTP\Files\UploadedFile->move('C:\\xampp\\htdocs\\cloud\\uploads/', '')
 3 SYSTEMPATH\CodeIgniter.php(932): App\Controllers\Home->edit_product('3')
 4 SYSTEMPATH\CodeIgniter.php(497): CodeIgniter\CodeIgniter->runController(Object(App\Controllers\Home))
 5 SYSTEMPATH\CodeIgniter.php(366): CodeIgniter\CodeIgniter->handleRequest(null, Object(Config\Cache), false)
 6 FCPATH\index.php(67): CodeIgniter\CodeIgniter->run()
CRITICAL - 2023-06-20 11:56:04 --> The original file is not a valid file.
in SYSTEMPATH\HTTP\Files\UploadedFile.php on line 137.
 1 SYSTEMPATH\HTTP\Files\UploadedFile.php(137): CodeIgniter\HTTP\Exceptions\HTTPException::forInvalidFile()
 2 APPPATH\Controllers\Home.php(266): CodeIgniter\HTTP\Files\UploadedFile->move('C:\\xampp\\htdocs\\cloud\\uploads/', '')
 3 SYSTEMPATH\CodeIgniter.php(932): App\Controllers\Home->edit_product('3')
 4 SYSTEMPATH\CodeIgniter.php(497): CodeIgniter\CodeIgniter->runController(Object(App\Controllers\Home))
 5 SYSTEMPATH\CodeIgniter.php(366): CodeIgniter\CodeIgniter->handleRequest(null, Object(Config\Cache), false)
 6 FCPATH\index.php(67): CodeIgniter\CodeIgniter->run()
CRITICAL - 2023-06-20 11:56:30 --> The original file is not a valid file.
in SYSTEMPATH\HTTP\Files\UploadedFile.php on line 137.
 1 SYSTEMPATH\HTTP\Files\UploadedFile.php(137): CodeIgniter\HTTP\Exceptions\HTTPException::forInvalidFile()
 2 APPPATH\Controllers\Home.php(266): CodeIgniter\HTTP\Files\UploadedFile->move('C:\\xampp\\htdocs\\cloud\\uploads/', '')
 3 SYSTEMPATH\CodeIgniter.php(932): App\Controllers\Home->edit_product('2')
 4 SYSTEMPATH\CodeIgniter.php(497): CodeIgniter\CodeIgniter->runController(Object(App\Controllers\Home))
 5 SYSTEMPATH\CodeIgniter.php(366): CodeIgniter\CodeIgniter->handleRequest(null, Object(Config\Cache), false)
 6 FCPATH\index.php(67): CodeIgniter\CodeIgniter->run()
CRITICAL - 2023-06-20 12:02:17 --> Unsupported operand types: string + int
in APPPATH\Views\product.php on line 174.
 1 SYSTEMPATH\View\View.php(224): include()
 2 SYSTEMPATH\View\View.php(227): CodeIgniter\View\View->CodeIgniter\View\{closure}()
 3 SYSTEMPATH\Common.php(1180): CodeIgniter\View\View->render('product', [], true)
 4 APPPATH\Controllers\Home.php(307): view('product', [...])
 5 SYSTEMPATH\CodeIgniter.php(932): App\Controllers\Home->edit_product('3')
 6 SYSTEMPATH\CodeIgniter.php(497): CodeIgniter\CodeIgniter->runController(Object(App\Controllers\Home))
 7 SYSTEMPATH\CodeIgniter.php(366): CodeIgniter\CodeIgniter->handleRequest(null, Object(Config\Cache), false)
 8 FCPATH\index.php(67): CodeIgniter\CodeIgniter->run()
CRITICAL - 2023-06-20 12:03:21 --> Unsupported operand types: string + int
in APPPATH\Views\product.php on line 174.
 1 SYSTEMPATH\View\View.php(224): include()
 2 SYSTEMPATH\View\View.php(227): CodeIgniter\View\View->CodeIgniter\View\{closure}()
 3 SYSTEMPATH\Common.php(1180): CodeIgniter\View\View->render('product', [], true)
 4 APPPATH\Controllers\Home.php(306): view('product', [...])
 5 SYSTEMPATH\CodeIgniter.php(932): App\Controllers\Home->edit_product('3')
 6 SYSTEMPATH\CodeIgniter.php(497): CodeIgniter\CodeIgniter->runController(Object(App\Controllers\Home))
 7 SYSTEMPATH\CodeIgniter.php(366): CodeIgniter\CodeIgniter->handleRequest(null, Object(Config\Cache), false)
 8 FCPATH\index.php(67): CodeIgniter\CodeIgniter->run()
CRITICAL - 2023-06-20 12:04:38 --> Unsupported operand types: string + int
in APPPATH\Views\product.php on line 174.
 1 SYSTEMPATH\View\View.php(224): include()
 2 SYSTEMPATH\View\View.php(227): CodeIgniter\View\View->CodeIgniter\View\{closure}()
 3 SYSTEMPATH\Common.php(1180): CodeIgniter\View\View->render('product', [], true)
 4 APPPATH\Controllers\Home.php(306): view('product', [...])
 5 SYSTEMPATH\CodeIgniter.php(932): App\Controllers\Home->edit_product('3')
 6 SYSTEMPATH\CodeIgniter.php(497): CodeIgniter\CodeIgniter->runController(Object(App\Controllers\Home))
 7 SYSTEMPATH\CodeIgniter.php(366): CodeIgniter\CodeIgniter->handleRequest(null, Object(Config\Cache), false)
 8 FCPATH\index.php(67): CodeIgniter\CodeIgniter->run()
